Using pre-set license
Built from '2021.1/staging' branch; Version is '2021.1.25f1 (b6f2b893ea32) revision 11989688'; Using compiler version '192528614'; Build Type 'Release'
OS: 'Windows 10 Home; OS build 19042.1348; Version 2009; 64bit' Language: 'nl' Physical Memory: 16150 MB
BatchMode: 1, IsHumanControllingUs: 0, StartBugReporterOnCrash: 0, Is64bit: 1, IsPro: 0

COMMAND LINE ARGUMENTS:
C:\Program Files\Unity\Hub\Editor\2021.1.25f1\Editor\Unity.exe
-adb2
-batchMode
-noUpm
-name
AssetImportWorker3
-projectPath
D:/HKU/Jaar 4/Vrij3/Github/ProjectVrij2_V2/TTeamChimp_Deckbuilder_Game
-logFile
Logs/AssetImportWorker3.log
-srvPort
63689
Successfully changed project path to: D:/HKU/Jaar 4/Vrij3/Github/ProjectVrij2_V2/TTeamChimp_Deckbuilder_Game
D:/HKU/Jaar 4/Vrij3/Github/ProjectVrij2_V2/TTeamChimp_Deckbuilder_Game
Using Asset Import Pipeline V2.
Refreshing native plugins compatible for Editor in 257.87 ms, found 3 plugins.
Preloading 0 native plugins for Editor in 0.00 ms.
Initialize engine version: 2021.1.25f1 (b6f2b893ea32)
[Subsystems] Discovering subsystems at path C:/Program Files/Unity/Hub/Editor/2021.1.25f1/Editor/Data/Resources/UnitySubsystems
[Subsystems] Discovering subsystems at path D:/HKU/Jaar 4/Vrij3/Github/ProjectVrij2_V2/TTeamChimp_Deckbuilder_Game/Assets
GfxDevice: creating device client; threaded=0; jobified=0
Direct3D:
    Version:  Direct3D 11.0 [level 11.1]
    Renderer: NVIDIA GeForce RTX 2060 (ID=0x1f15)
    Vendor:   NVIDIA
    VRAM:     5980 MB
    Driver:   27.21.14.6280
Initialize mono
Mono path[0] = 'C:/Program Files/Unity/Hub/Editor/2021.1.25f1/Editor/Data/Managed'
Mono path[1] = 'C:/Program Files/Unity/Hub/Editor/2021.1.25f1/Editor/Data/MonoBleedingEdge/lib/mono/unityjit'
Mono config path = 'C:/Program Files/Unity/Hub/Editor/2021.1.25f1/Editor/Data/MonoBleedingEdge/etc'
Using monoOptions --debugger-agent=transport=dt_socket,embedding=1,server=y,suspend=n,address=127.0.0.1:56544
Begin MonoManager ReloadAssembly
Registering precompiled unity dll's ...
Register platform support module: C:/Program Files/Unity/Hub/Editor/2021.1.25f1/Editor/Data/PlaybackEngines/WindowsStandaloneSupport/UnityEditor.WindowsStandalone.Extensions.dll
Registered in 0.002725 seconds.
Native extension for WindowsStandalone target not found
Refreshing native plugins compatible for Editor in 251.16 ms, found 3 plugins.
Preloading 0 native plugins for Editor in 0.00 ms.
Mono: successfully reloaded assembly
- Completed reload, in  1.656 seconds
Domain Reload Profiling:
	ReloadAssembly (1657ms)
		BeginReloadAssembly (81ms)
			ExecutionOrderSort (0ms)
			DisableScriptedObjects (0ms)
			BackupInstance (0ms)
			ReleaseScriptingObjects (0ms)
			CreateAndSetChildDomain (1ms)
		EndReloadAssembly (830ms)
			LoadAssemblies (78ms)
			RebuildTransferFunctionScriptingTraits (0ms)
			SetupTypeCache (233ms)
			ReleaseScriptCaches (0ms)
			RebuildScriptCaches (40ms)
			SetupLoadedEditorAssemblies (486ms)
				LogAssemblyErrors (0ms)
				InitializePlatformSupportModulesInManaged (9ms)
				SetLoadedEditorAssemblies (0ms)
				RefreshPlugins (251ms)
				BeforeProcessingInitializeOnLoad (2ms)
				ProcessInitializeOnLoadAttributes (178ms)
				ProcessInitializeOnLoadMethodAttributes (46ms)
				AfterProcessingInitializeOnLoad (0ms)
				EditorAssembliesLoaded (0ms)
			ExecutionOrderSort2 (0ms)
			AwakeInstancesAfterBackupRestoration (0ms)
Platform modules already initialized, skipping
Registering precompiled user dll's ...
Registered in 0.007487 seconds.
Begin MonoManager ReloadAssembly
Symbol file LoadedFromMemory doesn't match image D:\HKU\Jaar 4\Vrij3\Github\ProjectVrij2_V2\TTeamChimp_Deckbuilder_Game\Library\PackageCache\com.unity.visualscripting@1.6.1\Editor\VisualScripting.Core\Dependencies\YamlDotNet\Unity.VisualScripting.YamlDotNet.dll
Symbol file LoadedFromMemory doesn't match image D:\HKU\Jaar 4\Vrij3\Github\ProjectVrij2_V2\TTeamChimp_Deckbuilder_Game\Library\PackageCache\com.unity.visualscripting@1.6.1\Editor\VisualScripting.Core\Dependencies\DotNetZip\Unity.VisualScripting.IonicZip.dll
Native extension for WindowsStandalone target not found
Refreshing native plugins compatible for Editor in 276.06 ms, found 3 plugins.
Preloading 0 native plugins for Editor in 0.00 ms.
Mono: successfully reloaded assembly
- Completed reload, in  5.611 seconds
Domain Reload Profiling:
	ReloadAssembly (5611ms)
		BeginReloadAssembly (217ms)
			ExecutionOrderSort (0ms)
			DisableScriptedObjects (6ms)
			BackupInstance (0ms)
			ReleaseScriptingObjects (0ms)
			CreateAndSetChildDomain (25ms)
		EndReloadAssembly (5308ms)
			LoadAssemblies (489ms)
			RebuildTransferFunctionScriptingTraits (0ms)
			SetupTypeCache (679ms)
			ReleaseScriptCaches (1ms)
			RebuildScriptCaches (176ms)
			SetupLoadedEditorAssemblies (3827ms)
				LogAssemblyErrors (0ms)
				InitializePlatformSupportModulesInManaged (5ms)
				SetLoadedEditorAssemblies (0ms)
				RefreshPlugins (276ms)
				BeforeProcessingInitializeOnLoad (163ms)
				ProcessInitializeOnLoadAttributes (478ms)
				ProcessInitializeOnLoadMethodAttributes (2896ms)
				AfterProcessingInitializeOnLoad (8ms)
				EditorAssembliesLoaded (0ms)
			ExecutionOrderSort2 (0ms)
			AwakeInstancesAfterBackupRestoration (9ms)
Platform modules already initialized, skipping
========================================================================
Worker process is ready to serve import requests
Launched and connected shader compiler UnityShaderCompiler.exe after 0.10 seconds
Refreshing native plugins compatible for Editor in 1.45 ms, found 3 plugins.
Preloading 0 native plugins for Editor in 0.00 ms.
Unloading 6589 Unused Serialized files (Serialized files now loaded: 0)
System memory in use before: 308.3 MB.
System memory in use after: 307.7 MB.

Unloading 34 unused Assets to reduce memory usage. Loaded Objects now: 7042.
Total: 7.038300 ms (FindLiveObjects: 0.655800 ms CreateObjectMapping: 0.579700 ms MarkObjects: 5.405200 ms  DeleteObjects: 0.396200 ms)

AssetImportParameters requested are different than current active one (requested -> active):
  custom:framework-win-MediaFoundation: 216162199b28c13a410421893ffa2e32 -> 
  custom:video-decoder-ogg-theora: a1e56fd34408186e4bbccfd4996cb3dc -> 
  custom:container-muxer-webm: aa71ff27fc2769a1b78a27578f13a17b -> 
  custom:container-demuxer-webm: 4f35f7cbe854078d1ac9338744f61a02 -> 
  custom:container-demuxer-ogg: 62fdf1f143b41e24485cea50d1cbac27 -> 
  custom:video-encoder-webm-vp8: eb34c28f22e8b96e1ab97ce403110664 -> 
  custom:video-codec-MediaFoundation-h265: 746d11721c4dcdbdad8f713fa42b33f4 -> 
  custom:video-decoder-webm-vp8: 9c59270c3fd7afecdb556c50c9e8de78 -> 
  custom:audio-decoder-ogg-vorbis: bf7c407c2cedff20999df2af8eb42d56 -> 
  custom:audio-encoder-webm-vorbis: bf7c407c2cedff20999df2af8eb42d56 -> 
========================================================================
Received Import Request.
  path: Assets/Art/UI/Card/Kaart_Masker_V3.png
  artifactKey: Guid(7c859f1f03e7d6b40b1e29cb33fd08e1) Importer(815301076,1909f56bfc062723c751e8b465ee728b)
Start importing Assets/Art/UI/Card/Kaart_Masker_V3.png using Guid(7c859f1f03e7d6b40b1e29cb33fd08e1) Importer(815301076,1909f56bfc062723c751e8b465ee728b)  -> (artifact id: '2e11b3af499c12293895f288a84734a1') in 0.173551 seconds 
========================================================================
Received Import Request.
  Time since last request: 0.000359 seconds.
  path: Assets/Art/UI/Card/Kaart_Base 1.png
  artifactKey: Guid(1af6a7771203f9d41bfca77c176030b1) Importer(815301076,1909f56bfc062723c751e8b465ee728b)
Start importing Assets/Art/UI/Card/Kaart_Base 1.png using Guid(1af6a7771203f9d41bfca77c176030b1) Importer(815301076,1909f56bfc062723c751e8b465ee728b)  -> (artifact id: '911c0ea7e0559dc171c084edfe5ba43b') in 0.071260 seconds 
========================================================================
Received Import Request.
  Time since last request: 0.000420 seconds.
  path: Assets/Art/UI/Card/Kaart_Base_V2.png
  artifactKey: Guid(cc4312cbe966df54281c14e7aa0a9416) Importer(815301076,1909f56bfc062723c751e8b465ee728b)
Start importing Assets/Art/UI/Card/Kaart_Base_V2.png using Guid(cc4312cbe966df54281c14e7aa0a9416) Importer(815301076,1909f56bfc062723c751e8b465ee728b)  -> (artifact id: '8c3723dc845cba5d434780a725c7f588') in 0.045044 seconds 
========================================================================
Received Import Request.
  Time since last request: 43.819841 seconds.
  path: Assets/Art/UI/Fonts/Augusta SDF.asset
  artifactKey: Guid(c02349ca7cd040a4e9729963012d2bc9) Importer(815301076,1909f56bfc062723c751e8b465ee728b)
Start importing Assets/Art/UI/Fonts/Augusta SDF.asset using Guid(c02349ca7cd040a4e9729963012d2bc9) Importer(815301076,1909f56bfc062723c751e8b465ee728b)  -> (artifact id: 'a4959b9d858177f943cba7eb17aae73d') in 1.494800 seconds 
========================================================================
Received Import Request.
  Time since last request: 0.000391 seconds.
  path: Assets/Art/UI/Fonts/baskerville_old_face.asset
  artifactKey: Guid(72fa59775b6cc0148b1430a4a98aae64) Importer(815301076,1909f56bfc062723c751e8b465ee728b)
Start importing Assets/Art/UI/Fonts/baskerville_old_face.asset using Guid(72fa59775b6cc0148b1430a4a98aae64) Importer(815301076,1909f56bfc062723c751e8b465ee728b)  -> (artifact id: 'e6f3e50941d6becdeab47840c8275462') in 0.085944 seconds 
========================================================================
Received Import Request.
  Time since last request: 0.000315 seconds.
  path: Assets/Fonts/Augusta SDF.asset
  artifactKey: Guid(2ae85a7edb8e1a84088060174bbc6143) Importer(815301076,1909f56bfc062723c751e8b465ee728b)
Start importing Assets/Fonts/Augusta SDF.asset using Guid(2ae85a7edb8e1a84088060174bbc6143) Importer(815301076,1909f56bfc062723c751e8b465ee728b)  -> (artifact id: 'a791fbf13729cd10a45f30d454d19f26') in 0.059869 seconds 
========================================================================
Received Import Request.
  Time since last request: 0.000300 seconds.
  path: Assets/Fonts/Rise_of_Kingdom SDF.asset
  artifactKey: Guid(ae3b9e83f5608524f9457def5e4e0db9) Importer(815301076,1909f56bfc062723c751e8b465ee728b)
Start importing Assets/Fonts/Rise_of_Kingdom SDF.asset using Guid(ae3b9e83f5608524f9457def5e4e0db9) Importer(815301076,1909f56bfc062723c751e8b465ee728b)  -> (artifact id: 'd928b9097e8eb9b9c586541a818d6cae') in 0.054982 seconds 
========================================================================
Received Import Request.
  Time since last request: 0.000295 seconds.
  path: Assets/TextMesh Pro/Resources/Fonts & Materials/LiberationSans SDF - Fallback.asset
  artifactKey: Guid(2e498d1c8094910479dc3e1b768306a4) Importer(815301076,1909f56bfc062723c751e8b465ee728b)
Start importing Assets/TextMesh Pro/Resources/Fonts & Materials/LiberationSans SDF - Fallback.asset using Guid(2e498d1c8094910479dc3e1b768306a4) Importer(815301076,1909f56bfc062723c751e8b465ee728b)  -> (artifact id: '35472fbbe8e473b0b07cf56351965549') in 0.146366 seconds 
========================================================================
Received Import Request.
  Time since last request: 0.000219 seconds.
  path: Assets/TextMesh Pro/Resources/Fonts & Materials/LiberationSans SDF.asset
  artifactKey: Guid(8f586378b4e144a9851e7b34d9b748ee) Importer(815301076,1909f56bfc062723c751e8b465ee728b)
Start importing Assets/TextMesh Pro/Resources/Fonts & Materials/LiberationSans SDF.asset using Guid(8f586378b4e144a9851e7b34d9b748ee) Importer(815301076,1909f56bfc062723c751e8b465ee728b)  -> (artifact id: '62cd116cab2870b16e2f2e70a8e01667') in 0.084504 seconds 
========================================================================
Received Import Request.
  Time since last request: 0.000769 seconds.
  path: Assets/Art/UI/Fonts/squealer SDF.asset
  artifactKey: Guid(73a6285f8b090bb44ad83edb3a848a95) Importer(815301076,1909f56bfc062723c751e8b465ee728b)
Start importing Assets/Art/UI/Fonts/squealer SDF.asset using Guid(73a6285f8b090bb44ad83edb3a848a95) Importer(815301076,1909f56bfc062723c751e8b465ee728b)  -> (artifact id: '88b7c2f41d47a42105498682eb1c7e48') in 0.098676 seconds 
========================================================================
Received Import Request.
  Time since last request: 0.000300 seconds.
  path: Assets/Art/UI/Fonts/Duality.asset
  artifactKey: Guid(380aa4cfb06ae074881aa5042a88d108) Importer(815301076,1909f56bfc062723c751e8b465ee728b)
Start importing Assets/Art/UI/Fonts/Duality.asset using Guid(380aa4cfb06ae074881aa5042a88d108) Importer(815301076,1909f56bfc062723c751e8b465ee728b)  -> (artifact id: '690a82b4b0aa93470e20aae0b3ab98a2') in 0.032296 seconds 
========================================================================
Received Import Request.
  Time since last request: 0.000340 seconds.
  path: Assets/Art/UI/Fonts/Kingthings Exeter SDF.asset
  artifactKey: Guid(9ec4bfabcadfdb34d85d785a84aef73d) Importer(815301076,1909f56bfc062723c751e8b465ee728b)
Start importing Assets/Art/UI/Fonts/Kingthings Exeter SDF.asset using Guid(9ec4bfabcadfdb34d85d785a84aef73d) Importer(815301076,1909f56bfc062723c751e8b465ee728b)  -> (artifact id: '8ad2e78ad763ff136bb03e9a081723da') in 0.097673 seconds 
========================================================================
Received Import Request.
  Time since last request: 111.174363 seconds.
  path: Assets/Art/UI/Card/CardIllustrations
  artifactKey: Guid(56fdc53cf5dab4b4883f643b016f44e3) Importer(815301076,1909f56bfc062723c751e8b465ee728b)
Start importing Assets/Art/UI/Card/CardIllustrations using Guid(56fdc53cf5dab4b4883f643b016f44e3) Importer(815301076,1909f56bfc062723c751e8b465ee728b)  -> (artifact id: '162e60622f307fd2b7fbbb9c0ac6cdb7') in 0.293551 seconds 
========================================================================
Received Import Request.
  Time since last request: 0.000301 seconds.
  path: Assets/Art/UI/Card/CardIllustrations/tex_cards_fairys_touch_v1.png
  artifactKey: Guid(57836e49d3f6f7a448b023f26ed6750f) Importer(815301076,1909f56bfc062723c751e8b465ee728b)
Start importing Assets/Art/UI/Card/CardIllustrations/tex_cards_fairys_touch_v1.png using Guid(57836e49d3f6f7a448b023f26ed6750f) Importer(815301076,1909f56bfc062723c751e8b465ee728b)  -> (artifact id: 'e98cd23034a6efa20aedd0bf57d4d5bc') in 0.223324 seconds 
========================================================================
Received Import Request.
  Time since last request: 716.804603 seconds.
  path: Assets/Art/UI/Prefabs
  artifactKey: Guid(ed6a962988cd6f743a3b57f2270287e3) Importer(815301076,1909f56bfc062723c751e8b465ee728b)
Start importing Assets/Art/UI/Prefabs using Guid(ed6a962988cd6f743a3b57f2270287e3) Importer(815301076,1909f56bfc062723c751e8b465ee728b)  -> (artifact id: '82e8267ba993862c1a1226cc41e51468') in 0.005925 seconds 
========================================================================
Received Import Request.
  Time since last request: 0.000748 seconds.
  path: Assets/Art/UI/Prefabs/cards3.png
  artifactKey: Guid(adaf1236c687f994da980803499d78b7) Importer(815301076,1909f56bfc062723c751e8b465ee728b)
Start importing Assets/Art/UI/Prefabs/cards3.png using Guid(adaf1236c687f994da980803499d78b7) Importer(815301076,1909f56bfc062723c751e8b465ee728b)  -> (artifact id: '70aa9e28d2e13b940ca1f236d619b998') in 0.252990 seconds 
========================================================================
Received Import Request.
  Time since last request: 0.000384 seconds.
  path: Assets/Art/UI/Prefabs/Healthbar_Enemy.prefab
  artifactKey: Guid(8f28f5917620845498a9843d26a4875e) Importer(815301076,1909f56bfc062723c751e8b465ee728b)
Start importing Assets/Art/UI/Prefabs/Healthbar_Enemy.prefab using Guid(8f28f5917620845498a9843d26a4875e) Importer(815301076,1909f56bfc062723c751e8b465ee728b)  -> (artifact id: 'a7a5bad5384f8fcaadb7a6554c4e6203') in 0.332118 seconds 
========================================================================
Received Import Request.
  Time since last request: 0.000266 seconds.
  path: Assets/Art/UI/Prefabs/Mana.prefab
  artifactKey: Guid(d640004d1b8252a4c837a3258bd7c809) Importer(815301076,1909f56bfc062723c751e8b465ee728b)
Start importing Assets/Art/UI/Prefabs/Mana.prefab using Guid(d640004d1b8252a4c837a3258bd7c809) Importer(815301076,1909f56bfc062723c751e8b465ee728b)  -> (artifact id: '3e91d29e618a342b2180e76e25e0da6e') in 0.090197 seconds 
========================================================================
Received Import Request.
  Time since last request: 0.000288 seconds.
  path: Assets/Art/UI/Prefabs/Pile_Discard.prefab
  artifactKey: Guid(908176c5a95f85743929dfdb53abaa92) Importer(815301076,1909f56bfc062723c751e8b465ee728b)
Start importing Assets/Art/UI/Prefabs/Pile_Discard.prefab using Guid(908176c5a95f85743929dfdb53abaa92) Importer(815301076,1909f56bfc062723c751e8b465ee728b)  -> (artifact id: '31ad430b1099f459178f97cb7328dabf') in 0.118946 seconds 
========================================================================
Received Import Request.
  Time since last request: 0.000717 seconds.
  path: Assets/Art/UI/Prefabs/Map.prefab
  artifactKey: Guid(6121aed9e4a7fd34e8c7de0155076eff) Importer(815301076,1909f56bfc062723c751e8b465ee728b)
Start importing Assets/Art/UI/Prefabs/Map.prefab using Guid(6121aed9e4a7fd34e8c7de0155076eff) Importer(815301076,1909f56bfc062723c751e8b465ee728b)  -> (artifact id: '2a99fc97b01282041984b8f0877b113f') in 0.246561 seconds 
========================================================================
Received Import Request.
  Time since last request: 0.000768 seconds.
  path: Assets/Art/UI/Prefabs/Scene_Camera.prefab
  artifactKey: Guid(7e44bf54d75aa8047ba949e12fe938f6) Importer(815301076,1909f56bfc062723c751e8b465ee728b)
Start importing Assets/Art/UI/Prefabs/Scene_Camera.prefab using Guid(7e44bf54d75aa8047ba949e12fe938f6) Importer(815301076,1909f56bfc062723c751e8b465ee728b)  -> (artifact id: 'a3b517fa87d70702d55300b647a31d91') in 0.019058 seconds 
========================================================================
Received Import Request.
  Time since last request: 0.000751 seconds.
  path: Assets/Art/UI/Prefabs/Pile_Pull.prefab
  artifactKey: Guid(fc6b2ed749154a04ea4b36f8d2f9cfb1) Importer(815301076,1909f56bfc062723c751e8b465ee728b)
Start importing Assets/Art/UI/Prefabs/Pile_Pull.prefab using Guid(fc6b2ed749154a04ea4b36f8d2f9cfb1) Importer(815301076,1909f56bfc062723c751e8b465ee728b)  -> (artifact id: '5ff7b68a693706635cd29877032907ad') in 0.018192 seconds 
========================================================================
Received Import Request.
  Time since last request: 0.000334 seconds.
  path: Assets/Art/UI/Prefabs/Healthbar_Enemy_Placeholder.prefab
  artifactKey: Guid(19aeaaee168187f46b5039f6f2e49448) Importer(815301076,1909f56bfc062723c751e8b465ee728b)
Start importing Assets/Art/UI/Prefabs/Healthbar_Enemy_Placeholder.prefab using Guid(19aeaaee168187f46b5039f6f2e49448) Importer(815301076,1909f56bfc062723c751e8b465ee728b)  -> (artifact id: '60e4927a4c5917afa3b0673b7c807670') in 0.094195 seconds 
========================================================================
Received Import Request.
  Time since last request: 0.000697 seconds.
  path: Assets/Art/UI/Prefabs/Pull.prefab
  artifactKey: Guid(028d5ed627a059844b5b4a0dd1a2f511) Importer(815301076,1909f56bfc062723c751e8b465ee728b)
Start importing Assets/Art/UI/Prefabs/Pull.prefab using Guid(028d5ed627a059844b5b4a0dd1a2f511) Importer(815301076,1909f56bfc062723c751e8b465ee728b)  -> (artifact id: '3db7a88b01a13f290373bf2de61a19c5') in 0.064212 seconds 
========================================================================
Received Import Request.
  Time since last request: 0.000258 seconds.
  path: Assets/Art/UI/Prefabs/Summon.prefab
  artifactKey: Guid(27fcbf7f7b43e3c448b6dacfd77a23d7) Importer(815301076,1909f56bfc062723c751e8b465ee728b)
Start importing Assets/Art/UI/Prefabs/Summon.prefab using Guid(27fcbf7f7b43e3c448b6dacfd77a23d7) Importer(815301076,1909f56bfc062723c751e8b465ee728b)  -> (artifact id: '8596b54b80512ff26d484302a8ef49c4') in 0.056865 seconds 
========================================================================
Received Import Request.
  Time since last request: 0.000317 seconds.
  path: Assets/Art/UI/Prefabs/Healthbar_Belle.prefab
  artifactKey: Guid(75dbe6b032e6939408f900901d12f668) Importer(815301076,1909f56bfc062723c751e8b465ee728b)
Start importing Assets/Art/UI/Prefabs/Healthbar_Belle.prefab using Guid(75dbe6b032e6939408f900901d12f668) Importer(815301076,1909f56bfc062723c751e8b465ee728b)  -> (artifact id: 'a160b09f513ae7b53c624bf99ab3cb6b') in 0.035232 seconds 
========================================================================
Received Import Request.
  Time since last request: 0.000381 seconds.
  path: Assets/Art/UI/Prefabs/Kaart.prefab
  artifactKey: Guid(6a696e9b68e3f884fb2bc468eab05c04) Importer(815301076,1909f56bfc062723c751e8b465ee728b)
Start importing Assets/Art/UI/Prefabs/Kaart.prefab using Guid(6a696e9b68e3f884fb2bc468eab05c04) Importer(815301076,1909f56bfc062723c751e8b465ee728b)  -> (artifact id: 'e06e9a888499e41014ed24b4932c6e66') in 0.097884 seconds 
========================================================================
Received Import Request.
  Time since last request: 0.000309 seconds.
  path: Assets/Art/UI/Prefabs/Card.prefab
  artifactKey: Guid(31a304022cb9b7149b32181bcb4d61ff) Importer(815301076,1909f56bfc062723c751e8b465ee728b)
Start importing Assets/Art/UI/Prefabs/Card.prefab using Guid(31a304022cb9b7149b32181bcb4d61ff) Importer(815301076,1909f56bfc062723c751e8b465ee728b)  -> (artifact id: '4e48779b79e67045d8a42e36d6e6486e') in 0.043888 seconds 
========================================================================
Received Import Request.
  Time since last request: 0.000312 seconds.
  path: Assets/Art/UI/Prefabs/EndTurn 1.prefab
  artifactKey: Guid(f2eba3ae63219d64f89852414fc8b1d6) Importer(815301076,1909f56bfc062723c751e8b465ee728b)
Start importing Assets/Art/UI/Prefabs/EndTurn 1.prefab using Guid(f2eba3ae63219d64f89852414fc8b1d6) Importer(815301076,1909f56bfc062723c751e8b465ee728b)  -> (artifact id: '4153a7d84c6036ed8c04cd3cfb2d6d8b') in 0.075266 seconds 
========================================================================
Received Import Request.
  Time since last request: 0.000327 seconds.
  path: Assets/Art/UI/Prefabs/Discard.prefab
  artifactKey: Guid(7de85d4183a99654ba20f10428cdd14b) Importer(815301076,1909f56bfc062723c751e8b465ee728b)
Start importing Assets/Art/UI/Prefabs/Discard.prefab using Guid(7de85d4183a99654ba20f10428cdd14b) Importer(815301076,1909f56bfc062723c751e8b465ee728b)  -> (artifact id: '6e3a2bdb09c764d6351a785214b95b72') in 0.026770 seconds 
========================================================================
Received Import Request.
  Time since last request: 0.000413 seconds.
  path: Assets/Art/UI/Prefabs/Intent.prefab
  artifactKey: Guid(c892d57bf8343e84881d654544b19448) Importer(815301076,1909f56bfc062723c751e8b465ee728b)
Start importing Assets/Art/UI/Prefabs/Intent.prefab using Guid(c892d57bf8343e84881d654544b19448) Importer(815301076,1909f56bfc062723c751e8b465ee728b)  -> (artifact id: 'cf376127b6d12bf9cbf14b33ca2513a0') in 0.090890 seconds 
========================================================================
Received Import Request.
  Time since last request: 0.000681 seconds.
  path: Assets/Art/UI/Prefabs/EndTurn.prefab
  artifactKey: Guid(a93524ee482688e4282e4d424a5e77e3) Importer(815301076,1909f56bfc062723c751e8b465ee728b)
Start importing Assets/Art/UI/Prefabs/EndTurn.prefab using Guid(a93524ee482688e4282e4d424a5e77e3) Importer(815301076,1909f56bfc062723c751e8b465ee728b)  -> (artifact id: 'd4828f995de02a73f90dc0636af3306e') in 0.093159 seconds 
========================================================================
Received Import Request.
  Time since last request: 0.000393 seconds.
  path: Assets/Art/UI/Prefabs/Healthbar_Belle_Placeholder.prefab
  artifactKey: Guid(ebe750701f413b24e9f66258dae77152) Importer(815301076,1909f56bfc062723c751e8b465ee728b)
Start importing Assets/Art/UI/Prefabs/Healthbar_Belle_Placeholder.prefab using Guid(ebe750701f413b24e9f66258dae77152) Importer(815301076,1909f56bfc062723c751e8b465ee728b)  -> (artifact id: 'e727f4bf4007e37fe325a064a28f6b76') in 0.035426 seconds 
========================================================================
Received Import Request.
  Time since last request: 47.339935 seconds.
  path: Assets/Art/UI/Prefabs/Card_V2.prefab
  artifactKey: Guid(4c1fea9f1d59da5489f4c46b4133ab53) Importer(815301076,1909f56bfc062723c751e8b465ee728b)
Start importing Assets/Art/UI/Prefabs/Card_V2.prefab using Guid(4c1fea9f1d59da5489f4c46b4133ab53) Importer(815301076,1909f56bfc062723c751e8b465ee728b)  -> (artifact id: '9269dcbad97a5ed51a49c2fcafa35473') in 0.023194 seconds 
========================================================================
Received Prepare
Registering precompiled user dll's ...
Registered in 0.006436 seconds.
Begin MonoManager ReloadAssembly
Symbol file LoadedFromMemory doesn't match image D:\HKU\Jaar 4\Vrij3\Github\ProjectVrij2_V2\TTeamChimp_Deckbuilder_Game\Library\PackageCache\com.unity.visualscripting@1.6.1\Editor\VisualScripting.Core\Dependencies\YamlDotNet\Unity.VisualScripting.YamlDotNet.dll
Symbol file LoadedFromMemory doesn't match image D:\HKU\Jaar 4\Vrij3\Github\ProjectVrij2_V2\TTeamChimp_Deckbuilder_Game\Library\PackageCache\com.unity.visualscripting@1.6.1\Editor\VisualScripting.Core\Dependencies\DotNetZip\Unity.VisualScripting.IonicZip.dll
Native extension for WindowsStandalone target not found
Refreshing native plugins compatible for Editor in 1.45 ms, found 3 plugins.
Preloading 0 native plugins for Editor in 0.00 ms.
Mono: successfully reloaded assembly
- Completed reload, in  2.465 seconds
Domain Reload Profiling:
	ReloadAssembly (2465ms)
		BeginReloadAssembly (345ms)
			ExecutionOrderSort (0ms)
			DisableScriptedObjects (41ms)
			BackupInstance (0ms)
			ReleaseScriptingObjects (0ms)
			CreateAndSetChildDomain (86ms)
		EndReloadAssembly (2038ms)
			LoadAssemblies (181ms)
			RebuildTransferFunctionScriptingTraits (0ms)
			SetupTypeCache (680ms)
			ReleaseScriptCaches (5ms)
			RebuildScriptCaches (180ms)
			SetupLoadedEditorAssemblies (555ms)
				LogAssemblyErrors (0ms)
				InitializePlatformSupportModulesInManaged (6ms)
				SetLoadedEditorAssemblies (1ms)
				RefreshPlugins (2ms)
				BeforeProcessingInitializeOnLoad (118ms)
				ProcessInitializeOnLoadAttributes (403ms)
				ProcessInitializeOnLoadMethodAttributes (17ms)
				AfterProcessingInitializeOnLoad (8ms)
				EditorAssembliesLoaded (0ms)
			ExecutionOrderSort2 (0ms)
			AwakeInstancesAfterBackupRestoration (22ms)
Platform modules already initialized, skipping
Refreshing native plugins compatible for Editor in 1.78 ms, found 3 plugins.
Preloading 0 native plugins for Editor in 0.00 ms.
Unloading 6106 Unused Serialized files (Serialized files now loaded: 0)
System memory in use before: 327.8 MB.
System memory in use after: 327.2 MB.

Unloading 24 unused Assets to reduce memory usage. Loaded Objects now: 7436.
Total: 7.446900 ms (FindLiveObjects: 0.684200 ms CreateObjectMapping: 0.656100 ms MarkObjects: 5.656500 ms  DeleteObjects: 0.447900 ms)

AssetImportParameters requested are different than current active one (requested -> active):
  custom:framework-win-MediaFoundation: 216162199b28c13a410421893ffa2e32 -> 
  custom:video-decoder-ogg-theora: a1e56fd34408186e4bbccfd4996cb3dc -> 
  custom:container-muxer-webm: aa71ff27fc2769a1b78a27578f13a17b -> 
  custom:container-demuxer-webm: 4f35f7cbe854078d1ac9338744f61a02 -> 
  custom:container-demuxer-ogg: 62fdf1f143b41e24485cea50d1cbac27 -> 
  custom:video-encoder-webm-vp8: eb34c28f22e8b96e1ab97ce403110664 -> 
  custom:video-codec-MediaFoundation-h265: 746d11721c4dcdbdad8f713fa42b33f4 -> 
  custom:video-decoder-webm-vp8: 9c59270c3fd7afecdb556c50c9e8de78 -> 
  custom:audio-decoder-ogg-vorbis: bf7c407c2cedff20999df2af8eb42d56 -> 
  custom:audio-encoder-webm-vorbis: bf7c407c2cedff20999df2af8eb42d56 -> 
========================================================================
Received Prepare
Registering precompiled user dll's ...
Registered in 0.003809 seconds.
Begin MonoManager ReloadAssembly
Symbol file LoadedFromMemory doesn't match image D:\HKU\Jaar 4\Vrij3\Github\ProjectVrij2_V2\TTeamChimp_Deckbuilder_Game\Library\PackageCache\com.unity.visualscripting@1.6.1\Editor\VisualScripting.Core\Dependencies\YamlDotNet\Unity.VisualScripting.YamlDotNet.dll
Symbol file LoadedFromMemory doesn't match image D:\HKU\Jaar 4\Vrij3\Github\ProjectVrij2_V2\TTeamChimp_Deckbuilder_Game\Library\PackageCache\com.unity.visualscripting@1.6.1\Editor\VisualScripting.Core\Dependencies\DotNetZip\Unity.VisualScripting.IonicZip.dll
Native extension for WindowsStandalone target not found
Refreshing native plugins compatible for Editor in 1.10 ms, found 3 plugins.
Preloading 0 native plugins for Editor in 0.00 ms.
Mono: successfully reloaded assembly
- Completed reload, in  1.458 seconds
Domain Reload Profiling:
	ReloadAssembly (1459ms)
		BeginReloadAssembly (163ms)
			ExecutionOrderSort (0ms)
			DisableScriptedObjects (11ms)
			BackupInstance (0ms)
			ReleaseScriptingObjects (0ms)
			CreateAndSetChildDomain (68ms)
		EndReloadAssembly (1244ms)
			LoadAssemblies (94ms)
			RebuildTransferFunctionScriptingTraits (0ms)
			SetupTypeCache (434ms)
			ReleaseScriptCaches (3ms)
			RebuildScriptCaches (86ms)
			SetupLoadedEditorAssemblies (344ms)
				LogAssemblyErrors (0ms)
				InitializePlatformSupportModulesInManaged (4ms)
				SetLoadedEditorAssemblies (0ms)
				RefreshPlugins (1ms)
				BeforeProcessingInitializeOnLoad (75ms)
				ProcessInitializeOnLoadAttributes (249ms)
				ProcessInitializeOnLoadMethodAttributes (10ms)
				AfterProcessingInitializeOnLoad (5ms)
				EditorAssembliesLoaded (0ms)
			ExecutionOrderSort2 (0ms)
			AwakeInstancesAfterBackupRestoration (23ms)
Platform modules already initialized, skipping
Refreshing native plugins compatible for Editor in 1.22 ms, found 3 plugins.
Preloading 0 native plugins for Editor in 0.00 ms.
Unloading 6079 Unused Serialized files (Serialized files now loaded: 0)
System memory in use before: 326.9 MB.
System memory in use after: 326.3 MB.

Unloading 23 unused Assets to reduce memory usage. Loaded Objects now: 7438.
Total: 4.865300 ms (FindLiveObjects: 0.473800 ms CreateObjectMapping: 0.352100 ms MarkObjects: 3.722100 ms  DeleteObjects: 0.316300 ms)

AssetImportParameters requested are different than current active one (requested -> active):
  custom:framework-win-MediaFoundation: 216162199b28c13a410421893ffa2e32 -> 
  custom:video-decoder-ogg-theora: a1e56fd34408186e4bbccfd4996cb3dc -> 
  custom:container-muxer-webm: aa71ff27fc2769a1b78a27578f13a17b -> 
  custom:container-demuxer-webm: 4f35f7cbe854078d1ac9338744f61a02 -> 
  custom:container-demuxer-ogg: 62fdf1f143b41e24485cea50d1cbac27 -> 
  custom:video-encoder-webm-vp8: eb34c28f22e8b96e1ab97ce403110664 -> 
  custom:video-codec-MediaFoundation-h265: 746d11721c4dcdbdad8f713fa42b33f4 -> 
  custom:video-decoder-webm-vp8: 9c59270c3fd7afecdb556c50c9e8de78 -> 
  custom:audio-decoder-ogg-vorbis: bf7c407c2cedff20999df2af8eb42d56 -> 
  custom:audio-encoder-webm-vorbis: bf7c407c2cedff20999df2af8eb42d56 -> 
AssetImportWorkerClient::OnTransportError - code=2 error=End of file
