Using pre-set license
Built from '2021.1/staging' branch; Version is '2021.1.25f1 (b6f2b893ea32) revision 11989688'; Using compiler version '192528614'; Build Type 'Release'
OS: 'Windows 10 Home; OS build 19042.1415; Version 2009; 64bit' Language: 'nl' Physical Memory: 16150 MB
BatchMode: 1, IsHumanControllingUs: 0, StartBugReporterOnCrash: 0, Is64bit: 1, IsPro: 0

COMMAND LINE ARGUMENTS:
C:\Program Files\Unity\Hub\Editor\2021.1.25f1\Editor\Unity.exe
-adb2
-batchMode
-noUpm
-name
AssetImportWorker2
-projectPath
D:/HKU/Jaar 4/Vrij3/Github/ProjectVrij2_V2/TTeamChimp_Deckbuilder_Game
-logFile
Logs/AssetImportWorker2.log
-srvPort
56566
Successfully changed project path to: D:/HKU/Jaar 4/Vrij3/Github/ProjectVrij2_V2/TTeamChimp_Deckbuilder_Game
D:/HKU/Jaar 4/Vrij3/Github/ProjectVrij2_V2/TTeamChimp_Deckbuilder_Game
Using Asset Import Pipeline V2.
Refreshing native plugins compatible for Editor in 257.13 ms, found 3 plugins.
Preloading 0 native plugins for Editor in 0.00 ms.
Initialize engine version: 2021.1.25f1 (b6f2b893ea32)
[Subsystems] Discovering subsystems at path C:/Program Files/Unity/Hub/Editor/2021.1.25f1/Editor/Data/Resources/UnitySubsystems
[Subsystems] Discovering subsystems at path D:/HKU/Jaar 4/Vrij3/Github/ProjectVrij2_V2/TTeamChimp_Deckbuilder_Game/Assets
GfxDevice: creating device client; threaded=0; jobified=0
Direct3D:
    Version:  Direct3D 11.0 [level 11.1]
    Renderer: NVIDIA GeForce RTX 2060 (ID=0x1f15)
    Vendor:   NVIDIA
    VRAM:     5980 MB
    Driver:   27.21.14.6280
Initialize mono
Mono path[0] = 'C:/Program Files/Unity/Hub/Editor/2021.1.25f1/Editor/Data/Managed'
Mono path[1] = 'C:/Program Files/Unity/Hub/Editor/2021.1.25f1/Editor/Data/MonoBleedingEdge/lib/mono/unityjit'
Mono config path = 'C:/Program Files/Unity/Hub/Editor/2021.1.25f1/Editor/Data/MonoBleedingEdge/etc'
Using monoOptions --debugger-agent=transport=dt_socket,embedding=1,server=y,suspend=n,address=127.0.0.1:56108
Begin MonoManager ReloadAssembly
Registering precompiled unity dll's ...
Register platform support module: C:/Program Files/Unity/Hub/Editor/2021.1.25f1/Editor/Data/PlaybackEngines/WindowsStandaloneSupport/UnityEditor.WindowsStandalone.Extensions.dll
Registered in 0.002218 seconds.
Native extension for WindowsStandalone target not found
Refreshing native plugins compatible for Editor in 273.93 ms, found 3 plugins.
Preloading 0 native plugins for Editor in 0.00 ms.
Mono: successfully reloaded assembly
- Completed reload, in  1.735 seconds
Domain Reload Profiling:
	ReloadAssembly (1735ms)
		BeginReloadAssembly (80ms)
			ExecutionOrderSort (0ms)
			DisableScriptedObjects (0ms)
			BackupInstance (0ms)
			ReleaseScriptingObjects (0ms)
			CreateAndSetChildDomain (1ms)
		EndReloadAssembly (849ms)
			LoadAssemblies (77ms)
			RebuildTransferFunctionScriptingTraits (0ms)
			SetupTypeCache (248ms)
			ReleaseScriptCaches (0ms)
			RebuildScriptCaches (40ms)
			SetupLoadedEditorAssemblies (492ms)
				LogAssemblyErrors (0ms)
				InitializePlatformSupportModulesInManaged (9ms)
				SetLoadedEditorAssemblies (0ms)
				RefreshPlugins (274ms)
				BeforeProcessingInitializeOnLoad (2ms)
				ProcessInitializeOnLoadAttributes (166ms)
				ProcessInitializeOnLoadMethodAttributes (41ms)
				AfterProcessingInitializeOnLoad (0ms)
				EditorAssembliesLoaded (0ms)
			ExecutionOrderSort2 (0ms)
			AwakeInstancesAfterBackupRestoration (0ms)
Platform modules already initialized, skipping
Registering precompiled user dll's ...
Registered in 0.005923 seconds.
Begin MonoManager ReloadAssembly
Symbol file LoadedFromMemory doesn't match image D:\HKU\Jaar 4\Vrij3\Github\ProjectVrij2_V2\TTeamChimp_Deckbuilder_Game\Library\PackageCache\com.unity.visualscripting@1.6.1\Editor\VisualScripting.Core\Dependencies\YamlDotNet\Unity.VisualScripting.YamlDotNet.dll
Symbol file LoadedFromMemory doesn't match image D:\HKU\Jaar 4\Vrij3\Github\ProjectVrij2_V2\TTeamChimp_Deckbuilder_Game\Library\PackageCache\com.unity.visualscripting@1.6.1\Editor\VisualScripting.Core\Dependencies\DotNetZip\Unity.VisualScripting.IonicZip.dll
Native extension for WindowsStandalone target not found
Refreshing native plugins compatible for Editor in 258.87 ms, found 3 plugins.
Preloading 0 native plugins for Editor in 0.00 ms.
Mono: successfully reloaded assembly
- Completed reload, in  6.248 seconds
Domain Reload Profiling:
	ReloadAssembly (6248ms)
		BeginReloadAssembly (284ms)
			ExecutionOrderSort (0ms)
			DisableScriptedObjects (9ms)
			BackupInstance (0ms)
			ReleaseScriptingObjects (0ms)
			CreateAndSetChildDomain (32ms)
		EndReloadAssembly (5886ms)
			LoadAssemblies (1657ms)
			RebuildTransferFunctionScriptingTraits (0ms)
			SetupTypeCache (954ms)
			ReleaseScriptCaches (1ms)
			RebuildScriptCaches (162ms)
			SetupLoadedEditorAssemblies (2987ms)
				LogAssemblyErrors (0ms)
				InitializePlatformSupportModulesInManaged (6ms)
				SetLoadedEditorAssemblies (0ms)
				RefreshPlugins (259ms)
				BeforeProcessingInitializeOnLoad (164ms)
				ProcessInitializeOnLoadAttributes (523ms)
				ProcessInitializeOnLoadMethodAttributes (2026ms)
				AfterProcessingInitializeOnLoad (8ms)
				EditorAssembliesLoaded (0ms)
			ExecutionOrderSort2 (0ms)
			AwakeInstancesAfterBackupRestoration (9ms)
Platform modules already initialized, skipping
========================================================================
Worker process is ready to serve import requests
Launched and connected shader compiler UnityShaderCompiler.exe after 0.16 seconds
Refreshing native plugins compatible for Editor in 1.45 ms, found 3 plugins.
Preloading 0 native plugins for Editor in 0.00 ms.
Unloading 6589 Unused Serialized files (Serialized files now loaded: 0)
System memory in use before: 308.4 MB.
System memory in use after: 307.8 MB.

Unloading 34 unused Assets to reduce memory usage. Loaded Objects now: 7042.
Total: 6.791200 ms (FindLiveObjects: 0.596600 ms CreateObjectMapping: 0.542500 ms MarkObjects: 5.258500 ms  DeleteObjects: 0.392100 ms)

AssetImportParameters requested are different than current active one (requested -> active):
  custom:framework-win-MediaFoundation: 216162199b28c13a410421893ffa2e32 -> 
  custom:video-decoder-ogg-theora: a1e56fd34408186e4bbccfd4996cb3dc -> 
  custom:container-muxer-webm: aa71ff27fc2769a1b78a27578f13a17b -> 
  custom:container-demuxer-webm: 4f35f7cbe854078d1ac9338744f61a02 -> 
  custom:container-demuxer-ogg: 62fdf1f143b41e24485cea50d1cbac27 -> 
  custom:video-encoder-webm-vp8: eb34c28f22e8b96e1ab97ce403110664 -> 
  custom:video-codec-MediaFoundation-h265: 746d11721c4dcdbdad8f713fa42b33f4 -> 
  custom:video-decoder-webm-vp8: 9c59270c3fd7afecdb556c50c9e8de78 -> 
  custom:audio-decoder-ogg-vorbis: bf7c407c2cedff20999df2af8eb42d56 -> 
  custom:audio-encoder-webm-vorbis: bf7c407c2cedff20999df2af8eb42d56 -> 
========================================================================
Received Import Request.
  path: Assets/Art/UI/Combat/Healthbar_BG_V2.png
  artifactKey: Guid(2220db67c09cf144fbbd8720e6ac0e18) Importer(815301076,1909f56bfc062723c751e8b465ee728b)
Start importing Assets/Art/UI/Combat/Healthbar_BG_V2.png using Guid(2220db67c09cf144fbbd8720e6ac0e18) Importer(815301076,1909f56bfc062723c751e8b465ee728b)  -> (artifact id: 'd7a24c1176f79cc3fb95eb05950d79d6') in 0.413749 seconds 
========================================================================
Received Import Request.
  Time since last request: 0.000843 seconds.
  path: Assets/Art/UI/Combat/Healthbar_ShieldIcon.png
  artifactKey: Guid(e6658b8f833e077409ead6eaf87bf73d) Importer(815301076,1909f56bfc062723c751e8b465ee728b)
Start importing Assets/Art/UI/Combat/Healthbar_ShieldIcon.png using Guid(e6658b8f833e077409ead6eaf87bf73d) Importer(815301076,1909f56bfc062723c751e8b465ee728b)  -> (artifact id: '6eae485eebeb027ec89faca223c800e9') in 0.084043 seconds 
========================================================================
Received Import Request.
  Time since last request: 0.000582 seconds.
  path: Assets/Art/UI/Combat/Placeholder_Mana_Full.png
  artifactKey: Guid(ae877d73bd9507445bea5ac9d5cff3d7) Importer(815301076,1909f56bfc062723c751e8b465ee728b)
Start importing Assets/Art/UI/Combat/Placeholder_Mana_Full.png using Guid(ae877d73bd9507445bea5ac9d5cff3d7) Importer(815301076,1909f56bfc062723c751e8b465ee728b)  -> (artifact id: 'be284302e0b43871e1a6a19bfe2822de') in 0.116433 seconds 
========================================================================
Received Import Request.
  Time since last request: 0.000692 seconds.
  path: Assets/Art/UI/Combat/Healthbar_BG.png
  artifactKey: Guid(b2d87db31eb549c409bd9a59b4ebdd5d) Importer(815301076,1909f56bfc062723c751e8b465ee728b)
Start importing Assets/Art/UI/Combat/Healthbar_BG.png using Guid(b2d87db31eb549c409bd9a59b4ebdd5d) Importer(815301076,1909f56bfc062723c751e8b465ee728b)  -> (artifact id: '45c7700a28b5aaf431a623d87cbe20dc') in 0.163584 seconds 
========================================================================
Received Import Request.
  Time since last request: 0.000775 seconds.
  path: Assets/Art/UI/Combat/Placeholder_Pile.png
  artifactKey: Guid(f7376dd7ab3ec5949811ae9fcba48350) Importer(815301076,1909f56bfc062723c751e8b465ee728b)
Start importing Assets/Art/UI/Combat/Placeholder_Pile.png using Guid(f7376dd7ab3ec5949811ae9fcba48350) Importer(815301076,1909f56bfc062723c751e8b465ee728b)  -> (artifact id: '95d02d8f7a5299a4061acd78e8e5e4ab') in 0.168769 seconds 
========================================================================
Received Import Request.
  Time since last request: 0.000547 seconds.
  path: Assets/Art/UI/Combat/Placeholder_Mana_Empty.png
  artifactKey: Guid(b1fd897f50a6a694fa4c56c89d3e3f5f) Importer(815301076,1909f56bfc062723c751e8b465ee728b)
Start importing Assets/Art/UI/Combat/Placeholder_Mana_Empty.png using Guid(b1fd897f50a6a694fa4c56c89d3e3f5f) Importer(815301076,1909f56bfc062723c751e8b465ee728b)  -> (artifact id: '0d679298a429d2ad39b923a048b38035') in 0.059292 seconds 
========================================================================
Received Import Request.
  Time since last request: 0.000366 seconds.
  path: Assets/Art/UI/Combat/Healthbar_NumberBranch.png
  artifactKey: Guid(31ac435ec14d1a74396e9701b1a2f05c) Importer(815301076,1909f56bfc062723c751e8b465ee728b)
Start importing Assets/Art/UI/Combat/Healthbar_NumberBranch.png using Guid(31ac435ec14d1a74396e9701b1a2f05c) Importer(815301076,1909f56bfc062723c751e8b465ee728b)  -> (artifact id: 'b834da34e1290ec804b2441d4530f5a3') in 0.072919 seconds 
========================================================================
Received Import Request.
  Time since last request: 0.000441 seconds.
  path: Assets/Art/UI/Combat/Placeholder_EndTurnBG.png
  artifactKey: Guid(e1f5d7652e168e84595ce797d7f69994) Importer(815301076,1909f56bfc062723c751e8b465ee728b)
Start importing Assets/Art/UI/Combat/Placeholder_EndTurnBG.png using Guid(e1f5d7652e168e84595ce797d7f69994) Importer(815301076,1909f56bfc062723c751e8b465ee728b)  -> (artifact id: '6eec1ca9cf80835ef7399ee36350911f') in 0.115268 seconds 
========================================================================
Received Import Request.
  Time since last request: 0.000420 seconds.
  path: Assets/Art/UI/Combat/SummonBtn_v1.png
  artifactKey: Guid(7eb24e2837a562444947734745c25c8a) Importer(815301076,1909f56bfc062723c751e8b465ee728b)
Start importing Assets/Art/UI/Combat/SummonBtn_v1.png using Guid(7eb24e2837a562444947734745c25c8a) Importer(815301076,1909f56bfc062723c751e8b465ee728b)  -> (artifact id: '39c887071740bca827d75a15f099049b') in 0.085176 seconds 
========================================================================
Received Import Request.
  Time since last request: 0.000548 seconds.
  path: Assets/Art/UI/Combat/Healthbar_ShieldIcon_V2.png
  artifactKey: Guid(4c7f4f30a67fb61469fc61fa05ac7cd6) Importer(815301076,1909f56bfc062723c751e8b465ee728b)
Start importing Assets/Art/UI/Combat/Healthbar_ShieldIcon_V2.png using Guid(4c7f4f30a67fb61469fc61fa05ac7cd6) Importer(815301076,1909f56bfc062723c751e8b465ee728b)  -> (artifact id: '57fbf921e2ee116861d1580d5c319ce9') in 0.117174 seconds 
========================================================================
Received Import Request.
  Time since last request: 0.000370 seconds.
  path: Assets/Art/UI/Combat/Intent_Icons.png
  artifactKey: Guid(5322c3180db96ed47a564730af6d88e3) Importer(815301076,1909f56bfc062723c751e8b465ee728b)
Start importing Assets/Art/UI/Combat/Intent_Icons.png using Guid(5322c3180db96ed47a564730af6d88e3) Importer(815301076,1909f56bfc062723c751e8b465ee728b)  -> (artifact id: '5d7a46cdb1828b8c01ecd4985b1e4436') in 0.127623 seconds 
========================================================================
Received Import Request.
  Time since last request: 0.000395 seconds.
  path: Assets/Art/UI/Combat/Healthbar_BarFil.png
  artifactKey: Guid(4d3c365906e57d5438b0eb97a0c6b251) Importer(815301076,1909f56bfc062723c751e8b465ee728b)
Start importing Assets/Art/UI/Combat/Healthbar_BarFil.png using Guid(4d3c365906e57d5438b0eb97a0c6b251) Importer(815301076,1909f56bfc062723c751e8b465ee728b)  -> (artifact id: '394e3c9ab8560f1baa36b81a61ffc621') in 0.086537 seconds 
========================================================================
Received Import Request.
  Time since last request: 0.000300 seconds.
  path: Assets/Art/UI/Combat/Placeholder_EndTurnText.png
  artifactKey: Guid(83c6ea1c7e39ec94f8d7bba99c1b59fe) Importer(815301076,1909f56bfc062723c751e8b465ee728b)
Start importing Assets/Art/UI/Combat/Placeholder_EndTurnText.png using Guid(83c6ea1c7e39ec94f8d7bba99c1b59fe) Importer(815301076,1909f56bfc062723c751e8b465ee728b)  -> (artifact id: 'b498b4d53114a2e5585513b0e943a4df') in 0.120253 seconds 
========================================================================
Received Import Request.
  Time since last request: 0.000743 seconds.
  path: Assets/Art/UI/Combat/Healthbar_ShieldBG.png
  artifactKey: Guid(997c516832270ab418984664743bf963) Importer(815301076,1909f56bfc062723c751e8b465ee728b)
Start importing Assets/Art/UI/Combat/Healthbar_ShieldBG.png using Guid(997c516832270ab418984664743bf963) Importer(815301076,1909f56bfc062723c751e8b465ee728b)  -> (artifact id: 'f5061d1b5e10169abad321c83fd7b343') in 0.122302 seconds 
========================================================================
Received Import Request.
  Time since last request: 0.000390 seconds.
  path: Assets/Art/UI/Combat/Piles_Right_200x145.png
  artifactKey: Guid(8b8be1a58bfbd50468d9e7d202bc2721) Importer(815301076,1909f56bfc062723c751e8b465ee728b)
Start importing Assets/Art/UI/Combat/Piles_Right_200x145.png using Guid(8b8be1a58bfbd50468d9e7d202bc2721) Importer(815301076,1909f56bfc062723c751e8b465ee728b)  -> (artifact id: '34d0f24bf07761ebe6dd8bb11e6e9d2e') in 0.051079 seconds 
========================================================================
Received Import Request.
  Time since last request: 0.000336 seconds.
  path: Assets/Art/UI/Combat/Healthbar_BarLines_v2.png
  artifactKey: Guid(3d2dbc44b1ac4e7408e2a88d5a550f95) Importer(815301076,1909f56bfc062723c751e8b465ee728b)
Start importing Assets/Art/UI/Combat/Healthbar_BarLines_v2.png using Guid(3d2dbc44b1ac4e7408e2a88d5a550f95) Importer(815301076,1909f56bfc062723c751e8b465ee728b)  -> (artifact id: '224e0cb050943c3683048bbacdb69e0c') in 0.095501 seconds 
========================================================================
Received Import Request.
  Time since last request: 0.000463 seconds.
  path: Assets/Art/UI/Combat/EndTurnBtn_V1.png
  artifactKey: Guid(768deb6594d5fca42a4683c8de793c54) Importer(815301076,1909f56bfc062723c751e8b465ee728b)
Start importing Assets/Art/UI/Combat/EndTurnBtn_V1.png using Guid(768deb6594d5fca42a4683c8de793c54) Importer(815301076,1909f56bfc062723c751e8b465ee728b)  -> (artifact id: '65afc4b2ca1605d6d7389e89a4f2245b') in 0.059304 seconds 
========================================================================
Received Import Request.
  Time since last request: 0.000311 seconds.
  path: Assets/Art/UI/Combat/Healthbar_BarEmpty.png
  artifactKey: Guid(0363bc6d5c0405c45b160b429e0a5636) Importer(815301076,1909f56bfc062723c751e8b465ee728b)
Start importing Assets/Art/UI/Combat/Healthbar_BarEmpty.png using Guid(0363bc6d5c0405c45b160b429e0a5636) Importer(815301076,1909f56bfc062723c751e8b465ee728b)  -> (artifact id: '1f12ab22d425afd6a52ce172f394b55a') in 0.102956 seconds 
========================================================================
Received Import Request.
  Time since last request: 0.000747 seconds.
  path: Assets/Art/UI/Combat/CombatScreen.spriteatlas
  artifactKey: Guid(36a94a3e8b073d64484289ae256c2544) Importer(815301076,1909f56bfc062723c751e8b465ee728b)
Start importing Assets/Art/UI/Combat/CombatScreen.spriteatlas using Guid(36a94a3e8b073d64484289ae256c2544) Importer(815301076,1909f56bfc062723c751e8b465ee728b)  -> (artifact id: '2f182d5a46cbe9803069391ff6f6d4b1') in 0.033253 seconds 
========================================================================
Received Import Request.
  Time since last request: 0.000708 seconds.
  path: Assets/Art/UI/Combat/Piles_Left_200x145 - Copy.png
  artifactKey: Guid(7272f411a9272444fa8b490cb521a33f) Importer(815301076,1909f56bfc062723c751e8b465ee728b)
Start importing Assets/Art/UI/Combat/Piles_Left_200x145 - Copy.png using Guid(7272f411a9272444fa8b490cb521a33f) Importer(815301076,1909f56bfc062723c751e8b465ee728b)  -> (artifact id: 'bcd35a87d796f5c0315c87af584a4e41') in 0.066767 seconds 
========================================================================
Received Import Request.
  Time since last request: 0.000776 seconds.
  path: Assets/Art/UI/Combat/Placeholder_PileGradient.png
  artifactKey: Guid(77945309500ef4c4dbb491146c25dbf4) Importer(815301076,1909f56bfc062723c751e8b465ee728b)
Start importing Assets/Art/UI/Combat/Placeholder_PileGradient.png using Guid(77945309500ef4c4dbb491146c25dbf4) Importer(815301076,1909f56bfc062723c751e8b465ee728b)  -> (artifact id: '81d470ed531d838c92cc6a7895351954') in 0.162928 seconds 
========================================================================
Received Import Request.
  Time since last request: 0.000367 seconds.
  path: Assets/Art/UI/Combat/Piles_v1_200x145.png
  artifactKey: Guid(7205ab11d440a8b4a94357591f0a60c0) Importer(815301076,1909f56bfc062723c751e8b465ee728b)
Start importing Assets/Art/UI/Combat/Piles_v1_200x145.png using Guid(7205ab11d440a8b4a94357591f0a60c0) Importer(815301076,1909f56bfc062723c751e8b465ee728b)  -> (artifact id: 'c8cacf6a7f0957e9cc471f9069c32881') in 0.023337 seconds 
========================================================================
Received Import Request.
  Time since last request: 0.000365 seconds.
  path: Assets/Art/UI/Combat/Healthbar_ShieldBG_V2.png
  artifactKey: Guid(18e1e7b12e6fba444bbefb8de59930a6) Importer(815301076,1909f56bfc062723c751e8b465ee728b)
Start importing Assets/Art/UI/Combat/Healthbar_ShieldBG_V2.png using Guid(18e1e7b12e6fba444bbefb8de59930a6) Importer(815301076,1909f56bfc062723c751e8b465ee728b)  -> (artifact id: 'a0941f98fcb0325425e9f0d1900ff4e6') in 0.091639 seconds 
========================================================================
Received Import Request.
  Time since last request: 0.000302 seconds.
  path: Assets/Art/UI/Combat/Healthbar_BarFil_V2.png
  artifactKey: Guid(7bef70de0ce0a134c8a3938e5926f6dc) Importer(815301076,1909f56bfc062723c751e8b465ee728b)
Start importing Assets/Art/UI/Combat/Healthbar_BarFil_V2.png using Guid(7bef70de0ce0a134c8a3938e5926f6dc) Importer(815301076,1909f56bfc062723c751e8b465ee728b)  -> (artifact id: '9cb9f6364ab0bae14e3b832267413244') in 0.103738 seconds 
========================================================================
Received Import Request.
  Time since last request: 0.000357 seconds.
  path: Assets/Art/UI/Combat/Healthbar_BarEmpty_V2.png
  artifactKey: Guid(dae952b8590b0d3429e57d520897368d) Importer(815301076,1909f56bfc062723c751e8b465ee728b)
Start importing Assets/Art/UI/Combat/Healthbar_BarEmpty_V2.png using Guid(dae952b8590b0d3429e57d520897368d) Importer(815301076,1909f56bfc062723c751e8b465ee728b)  -> (artifact id: 'e32e2a622ab665d499edd5f514918184') in 0.146837 seconds 
========================================================================
Received Import Request.
  Time since last request: 0.000829 seconds.
  path: Assets/Art/UI/Combat/Intent_BG.png
  artifactKey: Guid(fa753146a7569ee43877e1f523722adb) Importer(815301076,1909f56bfc062723c751e8b465ee728b)
Start importing Assets/Art/UI/Combat/Intent_BG.png using Guid(fa753146a7569ee43877e1f523722adb) Importer(815301076,1909f56bfc062723c751e8b465ee728b)  -> (artifact id: '93c106096031abe421e5f71b1cdb01c7') in 0.126522 seconds 
========================================================================
Received Import Request.
  Time since last request: 0.000554 seconds.
  path: Assets/Art/UI/Combat/Healthbar_BarLines.png
  artifactKey: Guid(1569a63051cdda14ea894adb8f9e5b7b) Importer(815301076,1909f56bfc062723c751e8b465ee728b)
Start importing Assets/Art/UI/Combat/Healthbar_BarLines.png using Guid(1569a63051cdda14ea894adb8f9e5b7b) Importer(815301076,1909f56bfc062723c751e8b465ee728b)  -> (artifact id: '7152c1706b5318208f29cfd7d13efdb4') in 0.138413 seconds 
========================================================================
Received Import Request.
  Time since last request: 202.582238 seconds.
  path: Assets/Art/UI/Combat
  artifactKey: Guid(827efe3171f41294f9abb689835d0237) Importer(815301076,1909f56bfc062723c751e8b465ee728b)
Start importing Assets/Art/UI/Combat using Guid(827efe3171f41294f9abb689835d0237) Importer(815301076,1909f56bfc062723c751e8b465ee728b)  -> (artifact id: 'cc64c8c076165a14a5f4cdecab80e184') in 0.098112 seconds 
========================================================================
Received Import Request.
  Time since last request: 4.699290 seconds.
  path: Assets/Art/UI/Combat/OldDelete
  artifactKey: Guid(5bedc5061e8823a49acc0120e359f9df) Importer(815301076,1909f56bfc062723c751e8b465ee728b)
Start importing Assets/Art/UI/Combat/OldDelete using Guid(5bedc5061e8823a49acc0120e359f9df) Importer(815301076,1909f56bfc062723c751e8b465ee728b)  -> (artifact id: 'c307c2a54527e6006a730da0b74b9d74') in 0.010447 seconds 
========================================================================
Received Import Request.
  Time since last request: 33.299570 seconds.
  path: Assets/Art/UI/Combat/Combat_Healthbar_BarEmpty.png
  artifactKey: Guid(cb66c726a8f715443bf37bd28e070e78) Importer(815301076,1909f56bfc062723c751e8b465ee728b)
Start importing Assets/Art/UI/Combat/Combat_Healthbar_BarEmpty.png using Guid(cb66c726a8f715443bf37bd28e070e78) Importer(815301076,1909f56bfc062723c751e8b465ee728b)  -> (artifact id: 'e5df42d6a1ea3fc3082d11cfeeff2a7c') in 0.015311 seconds 
========================================================================
Received Import Request.
  Time since last request: 0.000257 seconds.
  path: Assets/Art/UI/Combat/Combat_Healthbar_Status.png
  artifactKey: Guid(e2caa00b3802846449fca5a0e61dcdd5) Importer(815301076,1909f56bfc062723c751e8b465ee728b)
Start importing Assets/Art/UI/Combat/Combat_Healthbar_Status.png using Guid(e2caa00b3802846449fca5a0e61dcdd5) Importer(815301076,1909f56bfc062723c751e8b465ee728b)  -> (artifact id: 'a978c0724a14fbecd53626e769f6dc4a') in 0.015252 seconds 
========================================================================
Received Import Request.
  Time since last request: 0.000323 seconds.
  path: Assets/Art/UI/Combat/Combat_Healthbar_BarRed.png
  artifactKey: Guid(62f29c5e5169b9e4e98e931a5eddd08a) Importer(815301076,1909f56bfc062723c751e8b465ee728b)
Start importing Assets/Art/UI/Combat/Combat_Healthbar_BarRed.png using Guid(62f29c5e5169b9e4e98e931a5eddd08a) Importer(815301076,1909f56bfc062723c751e8b465ee728b)  -> (artifact id: '6fdb0ad9976d8e514e9505ab0c6019ea') in 0.012310 seconds 
========================================================================
Received Import Request.
  Time since last request: 0.000373 seconds.
  path: Assets/Art/UI/Combat/Combat_Healthbar_Defense.png
  artifactKey: Guid(64b965bc5d8dda646859aedaff757565) Importer(815301076,1909f56bfc062723c751e8b465ee728b)
Start importing Assets/Art/UI/Combat/Combat_Healthbar_Defense.png using Guid(64b965bc5d8dda646859aedaff757565) Importer(815301076,1909f56bfc062723c751e8b465ee728b)  -> (artifact id: 'a86be8bb8d53318dc5e807b11e62b509') in 0.013919 seconds 
========================================================================
Received Import Request.
  Time since last request: 0.000253 seconds.
  path: Assets/Art/UI/Combat/Combat_Healthbar_Ribbon.png
  artifactKey: Guid(ad3f231fbbc893b4581e17620ba1473c) Importer(815301076,1909f56bfc062723c751e8b465ee728b)
Start importing Assets/Art/UI/Combat/Combat_Healthbar_Ribbon.png using Guid(ad3f231fbbc893b4581e17620ba1473c) Importer(815301076,1909f56bfc062723c751e8b465ee728b)  -> (artifact id: '75c80be0d85958a52f7d024ffe39ac5d') in 0.016933 seconds 
========================================================================
Received Import Request.
  Time since last request: 7.352562 seconds.
  path: Assets/Art/UI/Combat/Combat_Healthbar_BarEmpty.png
  artifactKey: Guid(cb66c726a8f715443bf37bd28e070e78) Importer(815301076,1909f56bfc062723c751e8b465ee728b)
Start importing Assets/Art/UI/Combat/Combat_Healthbar_BarEmpty.png using Guid(cb66c726a8f715443bf37bd28e070e78) Importer(815301076,1909f56bfc062723c751e8b465ee728b)  -> (artifact id: '52e85634db6f87e2a61578df5757143e') in 0.019911 seconds 
========================================================================
Received Import Request.
  Time since last request: 0.000270 seconds.
  path: Assets/Art/UI/Combat/Combat_Healthbar_Status.png
  artifactKey: Guid(e2caa00b3802846449fca5a0e61dcdd5) Importer(815301076,1909f56bfc062723c751e8b465ee728b)
Start importing Assets/Art/UI/Combat/Combat_Healthbar_Status.png using Guid(e2caa00b3802846449fca5a0e61dcdd5) Importer(815301076,1909f56bfc062723c751e8b465ee728b)  -> (artifact id: 'aa22ad8d4185a843a8ae09170ea7c3cf') in 0.020192 seconds 
========================================================================
Received Import Request.
  Time since last request: 0.000273 seconds.
  path: Assets/Art/UI/Combat/Combat_Healthbar_BarRed.png
  artifactKey: Guid(62f29c5e5169b9e4e98e931a5eddd08a) Importer(815301076,1909f56bfc062723c751e8b465ee728b)
Start importing Assets/Art/UI/Combat/Combat_Healthbar_BarRed.png using Guid(62f29c5e5169b9e4e98e931a5eddd08a) Importer(815301076,1909f56bfc062723c751e8b465ee728b)  -> (artifact id: 'fae2664c138d37b587e9a5699d980c83') in 0.018647 seconds 
========================================================================
Received Import Request.
  Time since last request: 0.000283 seconds.
  path: Assets/Art/UI/Combat/Combat_Healthbar_Defense.png
  artifactKey: Guid(64b965bc5d8dda646859aedaff757565) Importer(815301076,1909f56bfc062723c751e8b465ee728b)
Start importing Assets/Art/UI/Combat/Combat_Healthbar_Defense.png using Guid(64b965bc5d8dda646859aedaff757565) Importer(815301076,1909f56bfc062723c751e8b465ee728b)  -> (artifact id: '4dfd0765067345142aaa43a980fdf21c') in 0.020905 seconds 
========================================================================
Received Import Request.
  Time since last request: 0.000313 seconds.
  path: Assets/Art/UI/Combat/Combat_Healthbar_Ribbon.png
  artifactKey: Guid(ad3f231fbbc893b4581e17620ba1473c) Importer(815301076,1909f56bfc062723c751e8b465ee728b)
Start importing Assets/Art/UI/Combat/Combat_Healthbar_Ribbon.png using Guid(ad3f231fbbc893b4581e17620ba1473c) Importer(815301076,1909f56bfc062723c751e8b465ee728b)  -> (artifact id: 'e9333bbdfae696d3785be66cc67e3618') in 0.024007 seconds 
========================================================================
Received Import Request.
  Time since last request: 606.444806 seconds.
  path: Assets/Art/UI/Fonts/Duality.asset
  artifactKey: Guid(380aa4cfb06ae074881aa5042a88d108) Importer(815301076,1909f56bfc062723c751e8b465ee728b)
Start importing Assets/Art/UI/Fonts/Duality.asset using Guid(380aa4cfb06ae074881aa5042a88d108) Importer(815301076,1909f56bfc062723c751e8b465ee728b)  -> (artifact id: '06da15d1d07440690ea36dd2f4f18873') in 1.588890 seconds 
========================================================================
Received Import Request.
  Time since last request: 156.639243 seconds.
  path: Assets/Art/UI/Combat/Combat_Healthbar_Status 1.png
  artifactKey: Guid(1666dc713388ba24ca6b027adeb37947) Importer(815301076,1909f56bfc062723c751e8b465ee728b)
Start importing Assets/Art/UI/Combat/Combat_Healthbar_Status 1.png using Guid(1666dc713388ba24ca6b027adeb37947) Importer(815301076,1909f56bfc062723c751e8b465ee728b)  -> (artifact id: '5e6329034f774328da8dfe23134233a7') in 0.034606 seconds 
========================================================================
Received Import Request.
  Time since last request: 7.457042 seconds.
  path: Assets/Art/UI/Combat/Combat_Healthbar_Status 1.png
  artifactKey: Guid(1666dc713388ba24ca6b027adeb37947) Importer(815301076,1909f56bfc062723c751e8b465ee728b)
Start importing Assets/Art/UI/Combat/Combat_Healthbar_Status 1.png using Guid(1666dc713388ba24ca6b027adeb37947) Importer(815301076,1909f56bfc062723c751e8b465ee728b)  -> (artifact id: 'faea764d6ca5d3ff9d20acb5643a95d7') in 0.018052 seconds 
========================================================================
Received Import Request.
  Time since last request: 368.486011 seconds.
  path: Assets/Art/UI/Combat/Combat_Healthbar_Shade.png
  artifactKey: Guid(08568e68584743d4a8d0afcdb341afe3) Importer(815301076,1909f56bfc062723c751e8b465ee728b)
Start importing Assets/Art/UI/Combat/Combat_Healthbar_Shade.png using Guid(08568e68584743d4a8d0afcdb341afe3) Importer(815301076,1909f56bfc062723c751e8b465ee728b)  -> (artifact id: '13dc2dda512d2b783466d863acdb6d5d') in 0.014686 seconds 
========================================================================
Received Import Request.
  Time since last request: 5.414151 seconds.
  path: Assets/Art/UI/Combat/Combat_Healthbar_Shade.png
  artifactKey: Guid(08568e68584743d4a8d0afcdb341afe3) Importer(815301076,1909f56bfc062723c751e8b465ee728b)
Start importing Assets/Art/UI/Combat/Combat_Healthbar_Shade.png using Guid(08568e68584743d4a8d0afcdb341afe3) Importer(815301076,1909f56bfc062723c751e8b465ee728b)  -> (artifact id: '671419281e600f5d367b12437c400e48') in 0.017879 seconds 
========================================================================
Received Import Request.
  Time since last request: 79.672585 seconds.
  path: Assets/Art/UI/Combat/Combat_Healthbar_BarEmpty 1.png
  artifactKey: Guid(954db2573051f084ea3219c507c8d19f) Importer(815301076,1909f56bfc062723c751e8b465ee728b)
Start importing Assets/Art/UI/Combat/Combat_Healthbar_BarEmpty 1.png using Guid(954db2573051f084ea3219c507c8d19f) Importer(815301076,1909f56bfc062723c751e8b465ee728b)  -> (artifact id: '0353e83ac0e0d8ab80b256a733c85242') in 0.012605 seconds 
========================================================================
Received Import Request.
  Time since last request: 5.754086 seconds.
  path: Assets/Art/UI/Combat/Combat_Healthbar_BarEmpty 1.png
  artifactKey: Guid(954db2573051f084ea3219c507c8d19f) Importer(815301076,1909f56bfc062723c751e8b465ee728b)
Start importing Assets/Art/UI/Combat/Combat_Healthbar_BarEmpty 1.png using Guid(954db2573051f084ea3219c507c8d19f) Importer(815301076,1909f56bfc062723c751e8b465ee728b)  -> (artifact id: '2b307f6b3722360dd9e7a852cda2e85a') in 0.018392 seconds 
========================================================================
Received Import Request.
  Time since last request: 125.699338 seconds.
  path: Assets/Art/UI/Combat/Combat_Healthbar_BarRed 1.png
  artifactKey: Guid(d6011e45b98e04341892e63f5d68345f) Importer(815301076,1909f56bfc062723c751e8b465ee728b)
Start importing Assets/Art/UI/Combat/Combat_Healthbar_BarRed 1.png using Guid(d6011e45b98e04341892e63f5d68345f) Importer(815301076,1909f56bfc062723c751e8b465ee728b)  -> (artifact id: 'c667f6ae59c88e0139d2e432ddd43f87') in 0.013092 seconds 
========================================================================
Received Import Request.
  Time since last request: 4.845755 seconds.
  path: Assets/Art/UI/Combat/Combat_Healthbar_BarRed 1.png
  artifactKey: Guid(d6011e45b98e04341892e63f5d68345f) Importer(815301076,1909f56bfc062723c751e8b465ee728b)
Start importing Assets/Art/UI/Combat/Combat_Healthbar_BarRed 1.png using Guid(d6011e45b98e04341892e63f5d68345f) Importer(815301076,1909f56bfc062723c751e8b465ee728b)  -> (artifact id: '7c11848b771d552228f01e3b63b61d4a') in 0.019169 seconds 
========================================================================
Received Import Request.
  Time since last request: 277.905589 seconds.
  path: Assets/Art/UI/Prefabs/Healthbar_Enemy.prefab
  artifactKey: Guid(8f28f5917620845498a9843d26a4875e) Importer(815301076,1909f56bfc062723c751e8b465ee728b)
Start importing Assets/Art/UI/Prefabs/Healthbar_Enemy.prefab using Guid(8f28f5917620845498a9843d26a4875e) Importer(815301076,1909f56bfc062723c751e8b465ee728b)  -> (artifact id: 'b3941641dbbebff3e70102b9c0222e40') in 0.076241 seconds 
========================================================================
Received Import Request.
  Time since last request: 5.823720 seconds.
  path: Assets/Art/UI/Prefabs/Healthbar_Enemy.prefab
  artifactKey: Guid(8f28f5917620845498a9843d26a4875e) Importer(815301076,1909f56bfc062723c751e8b465ee728b)
Start importing Assets/Art/UI/Prefabs/Healthbar_Enemy.prefab using Guid(8f28f5917620845498a9843d26a4875e) Importer(815301076,1909f56bfc062723c751e8b465ee728b)  -> (artifact id: 'a7bee201406acbd6f5d4bf9905acfc03') in 0.016668 seconds 
========================================================================
Received Import Request.
  Time since last request: 134.966826 seconds.
  path: Assets/Art/UI/Card
  artifactKey: Guid(cb02ef2a27a06894cac39faf64e23791) Importer(815301076,1909f56bfc062723c751e8b465ee728b)
Start importing Assets/Art/UI/Card using Guid(cb02ef2a27a06894cac39faf64e23791) Importer(815301076,1909f56bfc062723c751e8b465ee728b)  -> (artifact id: 'b905950b9c726d131a570a82aed32dee') in 0.004664 seconds 
========================================================================
Received Import Request.
  Time since last request: 727.224844 seconds.
  path: Assets/Art/UI/Combat/Combat_Healthbar_Tussenstuk.png
  artifactKey: Guid(8089bf8e91e1062469e2d68809458f9e) Importer(815301076,1909f56bfc062723c751e8b465ee728b)
Start importing Assets/Art/UI/Combat/Combat_Healthbar_Tussenstuk.png using Guid(8089bf8e91e1062469e2d68809458f9e) Importer(815301076,1909f56bfc062723c751e8b465ee728b)  -> (artifact id: 'c372d8d1b9bf145e8f1d634acc24ad01') in 0.016675 seconds 
========================================================================
Received Import Request.
  Time since last request: 28.870575 seconds.
  path: Assets/Art/UI/Combat/Combat_Healthbar_Tussenstuk.png
  artifactKey: Guid(8089bf8e91e1062469e2d68809458f9e) Importer(815301076,1909f56bfc062723c751e8b465ee728b)
Start importing Assets/Art/UI/Combat/Combat_Healthbar_Tussenstuk.png using Guid(8089bf8e91e1062469e2d68809458f9e) Importer(815301076,1909f56bfc062723c751e8b465ee728b)  -> (artifact id: '0502589230bc0122d2f9430c498483af') in 0.028541 seconds 
========================================================================
Received Import Request.
  Time since last request: 173.134051 seconds.
  path: Assets/Art/UI/Combat/Combat_CA_15.jpg
  artifactKey: Guid(796d3b5efd604b743ac4e6931fd8a6e1) Importer(815301076,1909f56bfc062723c751e8b465ee728b)
Start importing Assets/Art/UI/Combat/Combat_CA_15.jpg using Guid(796d3b5efd604b743ac4e6931fd8a6e1) Importer(815301076,1909f56bfc062723c751e8b465ee728b)  -> (artifact id: '4bdc76d3676681fc8527bde454a3c00a') in 0.015537 seconds 
========================================================================
Received Import Request.
  Time since last request: 4.492205 seconds.
  path: Assets/Art/UI/Combat/Combat_CA_15.jpg
  artifactKey: Guid(796d3b5efd604b743ac4e6931fd8a6e1) Importer(815301076,1909f56bfc062723c751e8b465ee728b)
Start importing Assets/Art/UI/Combat/Combat_CA_15.jpg using Guid(796d3b5efd604b743ac4e6931fd8a6e1) Importer(815301076,1909f56bfc062723c751e8b465ee728b)  -> (artifact id: 'bc33cae1c55f303923e0fc401eaf7996') in 0.024770 seconds 
========================================================================
Received Prepare
Registering precompiled user dll's ...
Registered in 0.005229 seconds.
Begin MonoManager ReloadAssembly
Symbol file LoadedFromMemory doesn't match image D:\HKU\Jaar 4\Vrij3\Github\ProjectVrij2_V2\TTeamChimp_Deckbuilder_Game\Library\PackageCache\com.unity.visualscripting@1.6.1\Editor\VisualScripting.Core\Dependencies\YamlDotNet\Unity.VisualScripting.YamlDotNet.dll
Symbol file LoadedFromMemory doesn't match image D:\HKU\Jaar 4\Vrij3\Github\ProjectVrij2_V2\TTeamChimp_Deckbuilder_Game\Library\PackageCache\com.unity.visualscripting@1.6.1\Editor\VisualScripting.Core\Dependencies\DotNetZip\Unity.VisualScripting.IonicZip.dll
Native extension for WindowsStandalone target not found
Refreshing native plugins compatible for Editor in 1.19 ms, found 3 plugins.
Preloading 0 native plugins for Editor in 0.00 ms.
Mono: successfully reloaded assembly
- Completed reload, in  1.539 seconds
Domain Reload Profiling:
	ReloadAssembly (1540ms)
		BeginReloadAssembly (221ms)
			ExecutionOrderSort (0ms)
			DisableScriptedObjects (28ms)
			BackupInstance (0ms)
			ReleaseScriptingObjects (0ms)
			CreateAndSetChildDomain (69ms)
		EndReloadAssembly (1266ms)
			LoadAssemblies (93ms)
			RebuildTransferFunctionScriptingTraits (0ms)
			SetupTypeCache (416ms)
			ReleaseScriptCaches (2ms)
			RebuildScriptCaches (84ms)
			SetupLoadedEditorAssemblies (347ms)
				LogAssemblyErrors (0ms)
				InitializePlatformSupportModulesInManaged (4ms)
				SetLoadedEditorAssemblies (0ms)
				RefreshPlugins (1ms)
				BeforeProcessingInitializeOnLoad (76ms)
				ProcessInitializeOnLoadAttributes (250ms)
				ProcessInitializeOnLoadMethodAttributes (10ms)
				AfterProcessingInitializeOnLoad (5ms)
				EditorAssembliesLoaded (0ms)
			ExecutionOrderSort2 (0ms)
			AwakeInstancesAfterBackupRestoration (20ms)
Platform modules already initialized, skipping
Refreshing native plugins compatible for Editor in 1.20 ms, found 3 plugins.
Preloading 0 native plugins for Editor in 0.00 ms.
Unloading 6127 Unused Serialized files (Serialized files now loaded: 0)
System memory in use before: 387.7 MB.
System memory in use after: 387.2 MB.

Unloading 23 unused Assets to reduce memory usage. Loaded Objects now: 8010.
Total: 4.884600 ms (FindLiveObjects: 0.535500 ms CreateObjectMapping: 0.463400 ms MarkObjects: 3.605900 ms  DeleteObjects: 0.278700 ms)

AssetImportParameters requested are different than current active one (requested -> active):
  custom:framework-win-MediaFoundation: 216162199b28c13a410421893ffa2e32 -> 
  custom:video-decoder-ogg-theora: a1e56fd34408186e4bbccfd4996cb3dc -> 
  custom:container-muxer-webm: aa71ff27fc2769a1b78a27578f13a17b -> 
  custom:container-demuxer-webm: 4f35f7cbe854078d1ac9338744f61a02 -> 
  custom:container-demuxer-ogg: 62fdf1f143b41e24485cea50d1cbac27 -> 
  custom:video-encoder-webm-vp8: eb34c28f22e8b96e1ab97ce403110664 -> 
  custom:video-codec-MediaFoundation-h265: 746d11721c4dcdbdad8f713fa42b33f4 -> 
  custom:video-decoder-webm-vp8: 9c59270c3fd7afecdb556c50c9e8de78 -> 
  custom:audio-decoder-ogg-vorbis: bf7c407c2cedff20999df2af8eb42d56 -> 
  custom:audio-encoder-webm-vorbis: bf7c407c2cedff20999df2af8eb42d56 -> 
========================================================================
Received Import Request.
  Time since last request: 376.911696 seconds.
  path: Assets/Art/UI/Prefabs/Delete
  artifactKey: Guid(a5c65cd02d4d83b4496e0728365864f4) Importer(815301076,1909f56bfc062723c751e8b465ee728b)
Start importing Assets/Art/UI/Prefabs/Delete using Guid(a5c65cd02d4d83b4496e0728365864f4) Importer(815301076,1909f56bfc062723c751e8b465ee728b)  -> (artifact id: '84a3f6c0fd28b289292c7815f0db0fe3') in 0.011763 seconds 
========================================================================
Received Import Request.
  Time since last request: 16.487655 seconds.
  path: Assets/Art/UI/Prefabs/Healthbar_Belle_Final.prefab
  artifactKey: Guid(2b749cfcca8e28042b574222a487a225) Importer(815301076,1909f56bfc062723c751e8b465ee728b)
Start importing Assets/Art/UI/Prefabs/Healthbar_Belle_Final.prefab using Guid(2b749cfcca8e28042b574222a487a225) Importer(815301076,1909f56bfc062723c751e8b465ee728b)  -> (artifact id: '41156e17a78b83988785fe6ce530a041') in 0.116503 seconds 
========================================================================
Received Import Request.
  Time since last request: 1.216159 seconds.
  path: Assets/Art/UI/Prefabs/Healthbar_Enemy_Final.prefab
  artifactKey: Guid(ed3b0abbc260760489caa8bf14213a76) Importer(815301076,1909f56bfc062723c751e8b465ee728b)
Start importing Assets/Art/UI/Prefabs/Healthbar_Enemy_Final.prefab using Guid(ed3b0abbc260760489caa8bf14213a76) Importer(815301076,1909f56bfc062723c751e8b465ee728b)  -> (artifact id: '479981c93b7024235cbf3f944f3df697') in 0.011515 seconds 
========================================================================
Received Prepare
Registering precompiled user dll's ...
Registered in 0.004155 seconds.
Begin MonoManager ReloadAssembly
Symbol file LoadedFromMemory doesn't match image D:\HKU\Jaar 4\Vrij3\Github\ProjectVrij2_V2\TTeamChimp_Deckbuilder_Game\Library\PackageCache\com.unity.visualscripting@1.6.1\Editor\VisualScripting.Core\Dependencies\YamlDotNet\Unity.VisualScripting.YamlDotNet.dll
Symbol file LoadedFromMemory doesn't match image D:\HKU\Jaar 4\Vrij3\Github\ProjectVrij2_V2\TTeamChimp_Deckbuilder_Game\Library\PackageCache\com.unity.visualscripting@1.6.1\Editor\VisualScripting.Core\Dependencies\DotNetZip\Unity.VisualScripting.IonicZip.dll
Native extension for WindowsStandalone target not found
Refreshing native plugins compatible for Editor in 1.13 ms, found 3 plugins.
Preloading 0 native plugins for Editor in 0.00 ms.
Mono: successfully reloaded assembly
- Completed reload, in  1.287 seconds
Domain Reload Profiling:
	ReloadAssembly (1288ms)
		BeginReloadAssembly (126ms)
			ExecutionOrderSort (0ms)
			DisableScriptedObjects (11ms)
			BackupInstance (0ms)
			ReleaseScriptingObjects (0ms)
			CreateAndSetChildDomain (46ms)
		EndReloadAssembly (1111ms)
			LoadAssemblies (85ms)
			RebuildTransferFunctionScriptingTraits (0ms)
			SetupTypeCache (387ms)
			ReleaseScriptCaches (2ms)
			RebuildScriptCaches (89ms)
			SetupLoadedEditorAssemblies (342ms)
				LogAssemblyErrors (0ms)
				InitializePlatformSupportModulesInManaged (4ms)
				SetLoadedEditorAssemblies (0ms)
				RefreshPlugins (1ms)
				BeforeProcessingInitializeOnLoad (72ms)
				ProcessInitializeOnLoadAttributes (249ms)
				ProcessInitializeOnLoadMethodAttributes (10ms)
				AfterProcessingInitializeOnLoad (5ms)
				EditorAssembliesLoaded (0ms)
			ExecutionOrderSort2 (0ms)
			AwakeInstancesAfterBackupRestoration (25ms)
Platform modules already initialized, skipping
Refreshing native plugins compatible for Editor in 1.22 ms, found 3 plugins.
Preloading 0 native plugins for Editor in 0.00 ms.
Unloading 6079 Unused Serialized files (Serialized files now loaded: 0)
System memory in use before: 385.6 MB.
System memory in use after: 385.0 MB.

Unloading 23 unused Assets to reduce memory usage. Loaded Objects now: 8012.
Total: 5.262600 ms (FindLiveObjects: 0.531200 ms CreateObjectMapping: 0.384600 ms MarkObjects: 4.023300 ms  DeleteObjects: 0.322200 ms)

AssetImportParameters requested are different than current active one (requested -> active):
  custom:framework-win-MediaFoundation: 216162199b28c13a410421893ffa2e32 -> 
  custom:video-decoder-ogg-theora: a1e56fd34408186e4bbccfd4996cb3dc -> 
  custom:container-muxer-webm: aa71ff27fc2769a1b78a27578f13a17b -> 
  custom:container-demuxer-webm: 4f35f7cbe854078d1ac9338744f61a02 -> 
  custom:container-demuxer-ogg: 62fdf1f143b41e24485cea50d1cbac27 -> 
  custom:video-encoder-webm-vp8: eb34c28f22e8b96e1ab97ce403110664 -> 
  custom:video-codec-MediaFoundation-h265: 746d11721c4dcdbdad8f713fa42b33f4 -> 
  custom:video-decoder-webm-vp8: 9c59270c3fd7afecdb556c50c9e8de78 -> 
  custom:audio-decoder-ogg-vorbis: bf7c407c2cedff20999df2af8eb42d56 -> 
  custom:audio-encoder-webm-vorbis: bf7c407c2cedff20999df2af8eb42d56 -> 
========================================================================
Received Import Request.
  Time since last request: 387.163591 seconds.
  path: Assets/Scenes/FightScene.unity
  artifactKey: Guid(cc93c5e2f0c445645ac182cbc607074a) Importer(815301076,1909f56bfc062723c751e8b465ee728b)
Start importing Assets/Scenes/FightScene.unity using Guid(cc93c5e2f0c445645ac182cbc607074a) Importer(815301076,1909f56bfc062723c751e8b465ee728b)  -> (artifact id: 'e133f46bb49334964c4369f7b3376cba') in 0.035552 seconds 
========================================================================
Received Import Request.
  Time since last request: 37.971135 seconds.
  path: Assets/Scenes/CindysTerritorium.unity
  artifactKey: Guid(1c6d6e5f83acd654e9dc3d4fd92e284d) Importer(815301076,1909f56bfc062723c751e8b465ee728b)
Start importing Assets/Scenes/CindysTerritorium.unity using Guid(1c6d6e5f83acd654e9dc3d4fd92e284d) Importer(815301076,1909f56bfc062723c751e8b465ee728b)  -> (artifact id: '1a763402f2438b1384de31f2487ffdf6') in 0.004134 seconds 
========================================================================
Received Import Request.
  Time since last request: 30.375304 seconds.
  path: Assets/Prefabs/____BackgroundVisuals____.prefab
  artifactKey: Guid(bc9d3f35699114b4eabed34acd92c0d5) Importer(815301076,1909f56bfc062723c751e8b465ee728b)
Start importing Assets/Prefabs/____BackgroundVisuals____.prefab using Guid(bc9d3f35699114b4eabed34acd92c0d5) Importer(815301076,1909f56bfc062723c751e8b465ee728b)  -> (artifact id: '49e39d556868f62b31d3e8d22fade60c') in 2.870784 seconds 
========================================================================
Received Import Request.
  Time since last request: 0.000214 seconds.
  path: Assets/Fantasy Forest Environment Free Sample/Textures/bark01_bottom.tga
  artifactKey: Guid(59f27ada27943284fb581c4ab266e74c) Importer(815301076,1909f56bfc062723c751e8b465ee728b)
Start importing Assets/Fantasy Forest Environment Free Sample/Textures/bark01_bottom.tga using Guid(59f27ada27943284fb581c4ab266e74c) Importer(815301076,1909f56bfc062723c751e8b465ee728b)  -> (artifact id: '14cc11c1617a86e5007e79aee397a31a') in 0.094454 seconds 
========================================================================
Received Import Request.
  Time since last request: 0.000287 seconds.
  path: Assets/AmplifyShaderEditor/Plugins/EditorResources/UI/Buttons/AddToList.png
  artifactKey: Guid(cccc116a6334dc1428687697c5a11d58) Importer(815301076,1909f56bfc062723c751e8b465ee728b)
Start importing Assets/AmplifyShaderEditor/Plugins/EditorResources/UI/Buttons/AddToList.png using Guid(cccc116a6334dc1428687697c5a11d58) Importer(815301076,1909f56bfc062723c751e8b465ee728b)  -> (artifact id: '88512bf4fe18c1648136497b4f51a0b5') in 0.026820 seconds 
========================================================================
Received Import Request.
  Time since last request: 0.000187 seconds.
  path: Assets/AmplifyShaderEditor/AmplifyShaderEditor.asmdef
  artifactKey: Guid(f540dafdfbc0586439d98823585550d4) Importer(815301076,1909f56bfc062723c751e8b465ee728b)
Start importing Assets/AmplifyShaderEditor/AmplifyShaderEditor.asmdef using Guid(f540dafdfbc0586439d98823585550d4) Importer(815301076,1909f56bfc062723c751e8b465ee728b)  -> (artifact id: '51f3b18d67d037196b2880c40c478390') in 0.004232 seconds 
========================================================================
Received Import Request.
  Time since last request: 0.000291 seconds.
  path: Assets/Z. Imported/Free UI build package/Art/Bars_Unity.png
  artifactKey: Guid(34ecf51bcd3f4424eafda7dafd885bd0) Importer(815301076,1909f56bfc062723c751e8b465ee728b)
Start importing Assets/Z. Imported/Free UI build package/Art/Bars_Unity.png using Guid(34ecf51bcd3f4424eafda7dafd885bd0) Importer(815301076,1909f56bfc062723c751e8b465ee728b)  -> (artifact id: 'ffbea97f69b345911b37e1d664e1eb10') in 0.135029 seconds 
========================================================================
Received Import Request.
  Time since last request: 0.000248 seconds.
  path: Assets/Art/VFX/Prefabs/Attack_vfx.prefab
  artifactKey: Guid(a9c6098006c5d484896baec37fffe191) Importer(815301076,1909f56bfc062723c751e8b465ee728b)
Start importing Assets/Art/VFX/Prefabs/Attack_vfx.prefab using Guid(a9c6098006c5d484896baec37fffe191) Importer(815301076,1909f56bfc062723c751e8b465ee728b)  -> (artifact id: '6ed7fb56da1a212e3489caa6b95277e0') in 0.509581 seconds 
========================================================================
Received Import Request.
  Time since last request: 0.000206 seconds.
  path: Assets/Scripts/Profiles/CardProfiles/ArmorSunderer.asset
  artifactKey: Guid(93d65b9136393dc428703f8f64dcce1e) Importer(815301076,1909f56bfc062723c751e8b465ee728b)
Start importing Assets/Scripts/Profiles/CardProfiles/ArmorSunderer.asset using Guid(93d65b9136393dc428703f8f64dcce1e) Importer(815301076,1909f56bfc062723c751e8b465ee728b)  -> (artifact id: '67374636a4206c8ca0dab4b951ff9eee') in 0.004711 seconds 
========================================================================
Received Import Request.
  Time since last request: 0.000219 seconds.
  path: Assets/Resources/CardCharImg/Amugus.jpg
  artifactKey: Guid(39c85f0219c0e0d418f0a86e4a0673c3) Importer(815301076,1909f56bfc062723c751e8b465ee728b)
Start importing Assets/Resources/CardCharImg/Amugus.jpg using Guid(39c85f0219c0e0d418f0a86e4a0673c3) Importer(815301076,1909f56bfc062723c751e8b465ee728b)  -> (artifact id: '31f740385221340c7981eadc8d59d21b') in 0.023782 seconds 
========================================================================
Received Import Request.
  Time since last request: 0.000226 seconds.
  path: Assets/AmplifyShaderEditor/Examples/Assets/Textures/Sprites/ASEIcon.png
  artifactKey: Guid(80ab37a9e4f49c842903bb43bdd7bcd2) Importer(815301076,1909f56bfc062723c751e8b465ee728b)
Start importing Assets/AmplifyShaderEditor/Examples/Assets/Textures/Sprites/ASEIcon.png using Guid(80ab37a9e4f49c842903bb43bdd7bcd2) Importer(815301076,1909f56bfc062723c751e8b465ee728b)  -> (artifact id: 'bd0e8371124dd1be4bcf17c44aebe983') in 0.073495 seconds 
========================================================================
Received Import Request.
  Time since last request: 0.000238 seconds.
  path: Assets/AmplifyShaderEditor/Examples/HDRP/Material Types/Anisotropy.mat
  artifactKey: Guid(54ea633e409bc6943abbfd4bc390b0ca) Importer(815301076,1909f56bfc062723c751e8b465ee728b)
Start importing Assets/AmplifyShaderEditor/Examples/HDRP/Material Types/Anisotropy.mat using Guid(54ea633e409bc6943abbfd4bc390b0ca) Importer(815301076,1909f56bfc062723c751e8b465ee728b) Shader error in 'ASESampleShaders/SRP HD Material Types/Anisotropy': 'GetDecalSurfaceData': cannot convert from 'float' to 'struct FragInputs' at line 423 (on d3d11)

Compiling Vertex program with DECALS_4RT
Platform defines: SHADER_API_DESKTOP UNITY_ENABLE_DETAIL_NORMALMAP UNITY_ENABLE_REFLECTION_BUFFERS UNITY_LIGHTMAP_FULL_HDR UNITY_LIGHT_PROBE_PROXY_VOLUME UNITY_PBS_USE_BRDF1 UNITY_SPECCUBE_BLENDING UNITY_SPECCUBE_BOX_PROJECTION UNITY_USE_DITHER_MASK_FOR_ALPHABLENDED_SHADOWS
Disabled keywords: DEBUG_DISPLAY DECALS_3RT DECALS_OFF DIRLIGHTMAP_COMBINED DYNAMICLIGHTMAP_ON INSTANCING_ON LIGHTMAP_ON LIGHT_LAYERS SHADER_API_GLES30 SHADOWS_SHADOWMASK UNITY_ASTC_NORMALMAP_ENCODING UNITY_COLORSPACE_GAMMA UNITY_ENABLE_NATIVE_SHADOW_LOOKUPS UNITY_HALF_PRECISION_FRAGMENT_SHADER_REGISTERS UNITY_HARDWARE_TIER1 UNITY_HARDWARE_TIER2 UNITY_HARDWARE_TIER3 UNITY_LIGHTMAP_DLDR_ENCODING UNITY_LIGHTMAP_RGBM_ENCODING UNITY_METAL_SHADOWS_USE_POINT_FILTERING UNITY_NO_DXT5nm UNITY_NO_FULL_STANDARD_SHADER UNITY_NO_SCREENSPACE_SHADOWS UNITY_PBS_USE_BRDF2 UNITY_PBS_USE_BRDF3 UNITY_PRETRANSFORM_TO_DISPLAY_ORIENTATION UNITY_VIRTUAL_TEXTURING _ALPHATEST_ON _BLENDMODE_ADD _BLENDMODE_ALPHA _BLENDMODE_PRE_MULTIPLY _DOUBLESIDED_ON _ENABLE_FOG_ON_TRANSPARENT _SURFACE_TYPE_TRANSPARENT
Shader error in 'ASESampleShaders/SRP HD Material Types/Anisotropy': 'GetDecalSurfaceData': cannot convert from 'float' to 'struct FragInputs' at line 423 (on d3d11)

Compiling Vertex program with DECALS_4RT
Platform defines: SHADER_API_DESKTOP UNITY_ENABLE_DETAIL_NORMALMAP UNITY_ENABLE_REFLECTION_BUFFERS UNITY_LIGHTMAP_FULL_HDR UNITY_LIGHT_PROBE_PROXY_VOLUME UNITY_PBS_USE_BRDF1 UNITY_SPECCUBE_BLENDING UNITY_SPECCUBE_BOX_PROJECTION UNITY_USE_DITHER_MASK_FOR_ALPHABLENDED_SHADOWS
Disabled keywords: DEBUG_DISPLAY DECALS_3RT DECALS_OFF DIRLIGHTMAP_COMBINED DYNAMICLIGHTMAP_ON INSTANCING_ON LIGHTMAP_ON LIGHT_LAYERS SHADER_API_GLES30 SHADOWS_SHADOWMASK UNITY_ASTC_NORMALMAP_ENCODING UNITY_COLORSPACE_GAMMA UNITY_ENABLE_NATIVE_SHADOW_LOOKUPS UNITY_HALF_PRECISION_FRAGMENT_SHADER_REGISTERS UNITY_HARDWARE_TIER1 UNITY_HARDWARE_TIER2 UNITY_HARDWARE_TIER3 UNITY_LIGHTMAP_DLDR_ENCODING UNITY_LIGHTMAP_RGBM_ENCODING UNITY_METAL_SHADOWS_USE_POINT_FILTERING UNITY_NO_DXT5nm UNITY_NO_FULL_STANDARD_SHADER UNITY_NO_SCREENSPACE_SHADOWS UNITY_PBS_USE_BRDF2 UNITY_PBS_USE_BRDF3 UNITY_PRETRANSFORM_TO_DISPLAY_ORIENTATION UNITY_VIRTUAL_TEXTURING _ALPHATEST_ON _BLENDMODE_ADD _BLENDMODE_ALPHA _BLENDMODE_PRE_MULTIPLY _DOUBLESIDED_ON _ENABLE_FOG_ON_TRANSPARENT _SURFACE_TYPE_TRANSPARENT
 -> (artifact id: '41e3e184fd0c85f9a5144519c37c1775') in 0.253506 seconds 
========================================================================
Received Import Request.
  Time since last request: 0.000352 seconds.
  path: Assets/Scripts/Profiles/CardProfiles/Effects/ArmorSacrificeEffect.asset
  artifactKey: Guid(7e96e348118f4b64db4ef95258ca40b5) Importer(815301076,1909f56bfc062723c751e8b465ee728b)
Start importing Assets/Scripts/Profiles/CardProfiles/Effects/ArmorSacrificeEffect.asset using Guid(7e96e348118f4b64db4ef95258ca40b5) Importer(815301076,1909f56bfc062723c751e8b465ee728b)  -> (artifact id: '8186e44ef9d784035a8a2b1f07bd8dd0') in 0.003775 seconds 
========================================================================
Received Import Request.
  Time since last request: 0.000668 seconds.
  path: Assets/AmplifyShaderEditor/Examples/HDRP/AmplifyShaderEditor.Samples.HDRP.asmdef
  artifactKey: Guid(e16f6e45123dbe8479120f56fa5fb5dd) Importer(815301076,1909f56bfc062723c751e8b465ee728b)
Start importing Assets/AmplifyShaderEditor/Examples/HDRP/AmplifyShaderEditor.Samples.HDRP.asmdef using Guid(e16f6e45123dbe8479120f56fa5fb5dd) Importer(815301076,1909f56bfc062723c751e8b465ee728b)  -> (artifact id: 'f9a63ab614fd39d3ae4d09bd073ab8d0') in 0.004003 seconds 
========================================================================
Received Import Request.
  Time since last request: 0.000281 seconds.
  path: Assets/AmplifyShaderEditor/Examples/HDRP/Material Types/ASE Diffusion Profiles_MainProfile.asset
  artifactKey: Guid(9049debddf6dd22498536aa90bf1e832) Importer(815301076,1909f56bfc062723c751e8b465ee728b)
Start importing Assets/AmplifyShaderEditor/Examples/HDRP/Material Types/ASE Diffusion Profiles_MainProfile.asset using Guid(9049debddf6dd22498536aa90bf1e832) Importer(815301076,1909f56bfc062723c751e8b465ee728b)  -> (artifact id: '85f3277d2362a67134aaca6f42f04294') in 0.019506 seconds 
========================================================================
Received Import Request.
  Time since last request: 0.000309 seconds.
  path: Assets/Art/UI/Fonts/AlteSchwabacher-DemiBold.ttf
  artifactKey: Guid(f26990fab2b9d4a4881d293e388a39ef) Importer(815301076,1909f56bfc062723c751e8b465ee728b)
Start importing Assets/Art/UI/Fonts/AlteSchwabacher-DemiBold.ttf using Guid(f26990fab2b9d4a4881d293e388a39ef) Importer(815301076,1909f56bfc062723c751e8b465ee728b)  -> (artifact id: '05dc5e1873ccc8cf05d32717b6e6956a') in 0.090136 seconds 
========================================================================
Received Import Request.
  Time since last request: 0.000230 seconds.
  path: Assets/AmplifyShaderEditor/Examples/Assets/Textures/Misc/AnisoMap.jpg
  artifactKey: Guid(9a4a55d8d2e54394d97426434477cdcf) Importer(815301076,1909f56bfc062723c751e8b465ee728b)
Start importing Assets/AmplifyShaderEditor/Examples/Assets/Textures/Misc/AnisoMap.jpg using Guid(9a4a55d8d2e54394d97426434477cdcf) Importer(815301076,1909f56bfc062723c751e8b465ee728b)  -> (artifact id: 'db3c659ee7964b880fcfc4350b4f6286') in 0.016654 seconds 
========================================================================
Received Import Request.
  Time since last request: 0.000359 seconds.
  path: Assets/AmplifyShaderEditor/Examples/Assets/Models/Materials/ae5524-1.mat
  artifactKey: Guid(a5d40897a4493d44c846a7e719d01ee4) Importer(815301076,1909f56bfc062723c751e8b465ee728b)
Start importing Assets/AmplifyShaderEditor/Examples/Assets/Models/Materials/ae5524-1.mat using Guid(a5d40897a4493d44c846a7e719d01ee4) Importer(815301076,1909f56bfc062723c751e8b465ee728b)  -> (artifact id: 'b24b92efce9e2fcbf7295cf2d04baad3') in 0.032615 seconds 
========================================================================
Received Import Request.
  Time since last request: 0.000264 seconds.
  path: Assets/AmplifyShaderEditor/Plugins/EditorResources/ShaderFunctions/And.asset
  artifactKey: Guid(50f923f3b90822e47953386ea346e02f) Importer(815301076,1909f56bfc062723c751e8b465ee728b)
Start importing Assets/AmplifyShaderEditor/Plugins/EditorResources/ShaderFunctions/And.asset using Guid(50f923f3b90822e47953386ea346e02f) Importer(815301076,1909f56bfc062723c751e8b465ee728b)  -> (artifact id: 'bbc87821df3a7f47e425c93f63dc039e') in 0.028879 seconds 
========================================================================
Received Import Request.
  Time since last request: 0.000228 seconds.
  path: Assets/AmplifyShaderEditor/Plugins/EditorResources/Textures/About.png
  artifactKey: Guid(8aba6bb20faf8824d9d81946542f1ce1) Importer(815301076,1909f56bfc062723c751e8b465ee728b)
Start importing Assets/AmplifyShaderEditor/Plugins/EditorResources/Textures/About.png using Guid(8aba6bb20faf8824d9d81946542f1ce1) Importer(815301076,1909f56bfc062723c751e8b465ee728b)  -> (artifact id: 'db28e6f7284a1659f414b5c407427fc3') in 0.036167 seconds 
========================================================================
Received Import Request.
  Time since last request: 0.000316 seconds.
  path: Assets/Resources/Skybox/back.jpg
  artifactKey: Guid(9a1cce62e57fb3640a4cd4ad084088c7) Importer(815301076,1909f56bfc062723c751e8b465ee728b)
Start importing Assets/Resources/Skybox/back.jpg using Guid(9a1cce62e57fb3640a4cd4ad084088c7) Importer(815301076,1909f56bfc062723c751e8b465ee728b)  -> (artifact id: '4e529f8a2d175159cebb2c96c871d32b') in 0.529707 seconds 
========================================================================
Received Import Request.
  Time since last request: 35.666187 seconds.
  path: Assets/Art/MainAtlas.spriteatlas
  artifactKey: Guid(3b538333da05ec94398ad08a91ad8bf4) Importer(815301076,1909f56bfc062723c751e8b465ee728b)
Start importing Assets/Art/MainAtlas.spriteatlas using Guid(3b538333da05ec94398ad08a91ad8bf4) Importer(815301076,1909f56bfc062723c751e8b465ee728b)  -> (artifact id: 'd25d613200f6586664c21884bdebb8fc') in 0.003714 seconds 
========================================================================
Received Import Request.
  Time since last request: 36.975124 seconds.
  path: Assets/Art/UI/Combat/CombatScreen.spriteatlas
  artifactKey: Guid(36a94a3e8b073d64484289ae256c2544) Importer(815301076,1909f56bfc062723c751e8b465ee728b)
Start importing Assets/Art/UI/Combat/CombatScreen.spriteatlas using Guid(36a94a3e8b073d64484289ae256c2544) Importer(815301076,1909f56bfc062723c751e8b465ee728b)  -> (artifact id: '77b4757f8b4fb7a879e8cc8f71f35aac') in 0.003987 seconds 
========================================================================
Received Import Request.
  Time since last request: 35.885375 seconds.
  path: Assets/Art/UI/Combat/CombatScreen.spriteatlas
  artifactKey: Guid(36a94a3e8b073d64484289ae256c2544) Importer(815301076,1909f56bfc062723c751e8b465ee728b)
Start importing Assets/Art/UI/Combat/CombatScreen.spriteatlas using Guid(36a94a3e8b073d64484289ae256c2544) Importer(815301076,1909f56bfc062723c751e8b465ee728b)  -> (artifact id: 'bae663df7e892a9a9b5db056f5eb88dc') in 0.004088 seconds 
========================================================================
Received Prepare
Registering precompiled user dll's ...
Registered in 0.003666 seconds.
Begin MonoManager ReloadAssembly
Symbol file LoadedFromMemory doesn't match image D:\HKU\Jaar 4\Vrij3\Github\ProjectVrij2_V2\TTeamChimp_Deckbuilder_Game\Library\PackageCache\com.unity.visualscripting@1.6.1\Editor\VisualScripting.Core\Dependencies\YamlDotNet\Unity.VisualScripting.YamlDotNet.dll
Symbol file LoadedFromMemory doesn't match image D:\HKU\Jaar 4\Vrij3\Github\ProjectVrij2_V2\TTeamChimp_Deckbuilder_Game\Library\PackageCache\com.unity.visualscripting@1.6.1\Editor\VisualScripting.Core\Dependencies\DotNetZip\Unity.VisualScripting.IonicZip.dll
Native extension for WindowsStandalone target not found
Refreshing native plugins compatible for Editor in 1.14 ms, found 3 plugins.
Preloading 0 native plugins for Editor in 0.00 ms.
Mono: successfully reloaded assembly
- Completed reload, in  1.432 seconds
Domain Reload Profiling:
	ReloadAssembly (1432ms)
		BeginReloadAssembly (155ms)
			ExecutionOrderSort (0ms)
			DisableScriptedObjects (28ms)
			BackupInstance (0ms)
			ReleaseScriptingObjects (0ms)
			CreateAndSetChildDomain (50ms)
		EndReloadAssembly (1226ms)
			LoadAssemblies (84ms)
			RebuildTransferFunctionScriptingTraits (0ms)
			SetupTypeCache (412ms)
			ReleaseScriptCaches (2ms)
			RebuildScriptCaches (95ms)
			SetupLoadedEditorAssemblies (373ms)
				LogAssemblyErrors (0ms)
				InitializePlatformSupportModulesInManaged (4ms)
				SetLoadedEditorAssemblies (0ms)
				RefreshPlugins (1ms)
				BeforeProcessingInitializeOnLoad (86ms)
				ProcessInitializeOnLoadAttributes (266ms)
				ProcessInitializeOnLoadMethodAttributes (10ms)
				AfterProcessingInitializeOnLoad (5ms)
				EditorAssembliesLoaded (0ms)
			ExecutionOrderSort2 (0ms)
			AwakeInstancesAfterBackupRestoration (29ms)
Platform modules already initialized, skipping
Refreshing native plugins compatible for Editor in 1.47 ms, found 3 plugins.
Preloading 0 native plugins for Editor in 0.00 ms.
Unloading 6088 Unused Serialized files (Serialized files now loaded: 0)
System memory in use before: 437.4 MB.
System memory in use after: 436.8 MB.

Unloading 24 unused Assets to reduce memory usage. Loaded Objects now: 8288.
Total: 5.411300 ms (FindLiveObjects: 0.662800 ms CreateObjectMapping: 0.418700 ms MarkObjects: 3.969500 ms  DeleteObjects: 0.359300 ms)

AssetImportParameters requested are different than current active one (requested -> active):
  custom:framework-win-MediaFoundation: 216162199b28c13a410421893ffa2e32 -> 
  custom:video-decoder-ogg-theora: a1e56fd34408186e4bbccfd4996cb3dc -> 
  custom:container-muxer-webm: aa71ff27fc2769a1b78a27578f13a17b -> 
  custom:container-demuxer-webm: 4f35f7cbe854078d1ac9338744f61a02 -> 
  custom:container-demuxer-ogg: 62fdf1f143b41e24485cea50d1cbac27 -> 
  custom:video-encoder-webm-vp8: eb34c28f22e8b96e1ab97ce403110664 -> 
  custom:video-codec-MediaFoundation-h265: 746d11721c4dcdbdad8f713fa42b33f4 -> 
  custom:video-decoder-webm-vp8: 9c59270c3fd7afecdb556c50c9e8de78 -> 
  custom:audio-decoder-ogg-vorbis: bf7c407c2cedff20999df2af8eb42d56 -> 
  custom:audio-encoder-webm-vorbis: bf7c407c2cedff20999df2af8eb42d56 -> 
========================================================================
Received Prepare
Registering precompiled user dll's ...
Registered in 0.004285 seconds.
Begin MonoManager ReloadAssembly
Symbol file LoadedFromMemory doesn't match image D:\HKU\Jaar 4\Vrij3\Github\ProjectVrij2_V2\TTeamChimp_Deckbuilder_Game\Library\PackageCache\com.unity.visualscripting@1.6.1\Editor\VisualScripting.Core\Dependencies\YamlDotNet\Unity.VisualScripting.YamlDotNet.dll
Symbol file LoadedFromMemory doesn't match image D:\HKU\Jaar 4\Vrij3\Github\ProjectVrij2_V2\TTeamChimp_Deckbuilder_Game\Library\PackageCache\com.unity.visualscripting@1.6.1\Editor\VisualScripting.Core\Dependencies\DotNetZip\Unity.VisualScripting.IonicZip.dll
Native extension for WindowsStandalone target not found
Refreshing native plugins compatible for Editor in 1.20 ms, found 3 plugins.
Preloading 0 native plugins for Editor in 0.00 ms.
Mono: successfully reloaded assembly
- Completed reload, in  1.356 seconds
Domain Reload Profiling:
	ReloadAssembly (1356ms)
		BeginReloadAssembly (127ms)
			ExecutionOrderSort (0ms)
			DisableScriptedObjects (12ms)
			BackupInstance (0ms)
			ReleaseScriptingObjects (0ms)
			CreateAndSetChildDomain (41ms)
		EndReloadAssembly (1174ms)
			LoadAssemblies (82ms)
			RebuildTransferFunctionScriptingTraits (0ms)
			SetupTypeCache (421ms)
			ReleaseScriptCaches (3ms)
			RebuildScriptCaches (91ms)
			SetupLoadedEditorAssemblies (360ms)
				LogAssemblyErrors (0ms)
				InitializePlatformSupportModulesInManaged (5ms)
				SetLoadedEditorAssemblies (0ms)
				RefreshPlugins (1ms)
				BeforeProcessingInitializeOnLoad (77ms)
				ProcessInitializeOnLoadAttributes (261ms)
				ProcessInitializeOnLoadMethodAttributes (11ms)
				AfterProcessingInitializeOnLoad (5ms)
				EditorAssembliesLoaded (0ms)
			ExecutionOrderSort2 (0ms)
			AwakeInstancesAfterBackupRestoration (29ms)
Platform modules already initialized, skipping
Refreshing native plugins compatible for Editor in 1.30 ms, found 3 plugins.
Preloading 0 native plugins for Editor in 0.00 ms.
Unloading 6079 Unused Serialized files (Serialized files now loaded: 0)
System memory in use before: 437.3 MB.
System memory in use after: 436.7 MB.

Unloading 23 unused Assets to reduce memory usage. Loaded Objects now: 8290.
Total: 5.223000 ms (FindLiveObjects: 0.816400 ms CreateObjectMapping: 0.431200 ms MarkObjects: 3.650000 ms  DeleteObjects: 0.324300 ms)

AssetImportParameters requested are different than current active one (requested -> active):
  custom:framework-win-MediaFoundation: 216162199b28c13a410421893ffa2e32 -> 
  custom:video-decoder-ogg-theora: a1e56fd34408186e4bbccfd4996cb3dc -> 
  custom:container-muxer-webm: aa71ff27fc2769a1b78a27578f13a17b -> 
  custom:container-demuxer-webm: 4f35f7cbe854078d1ac9338744f61a02 -> 
  custom:container-demuxer-ogg: 62fdf1f143b41e24485cea50d1cbac27 -> 
  custom:video-encoder-webm-vp8: eb34c28f22e8b96e1ab97ce403110664 -> 
  custom:video-codec-MediaFoundation-h265: 746d11721c4dcdbdad8f713fa42b33f4 -> 
  custom:video-decoder-webm-vp8: 9c59270c3fd7afecdb556c50c9e8de78 -> 
  custom:audio-decoder-ogg-vorbis: bf7c407c2cedff20999df2af8eb42d56 -> 
  custom:audio-encoder-webm-vorbis: bf7c407c2cedff20999df2af8eb42d56 -> 
========================================================================
Received Prepare
Registering precompiled user dll's ...
Registered in 0.004799 seconds.
Begin MonoManager ReloadAssembly
Symbol file LoadedFromMemory doesn't match image D:\HKU\Jaar 4\Vrij3\Github\ProjectVrij2_V2\TTeamChimp_Deckbuilder_Game\Library\PackageCache\com.unity.visualscripting@1.6.1\Editor\VisualScripting.Core\Dependencies\YamlDotNet\Unity.VisualScripting.YamlDotNet.dll
Symbol file LoadedFromMemory doesn't match image D:\HKU\Jaar 4\Vrij3\Github\ProjectVrij2_V2\TTeamChimp_Deckbuilder_Game\Library\PackageCache\com.unity.visualscripting@1.6.1\Editor\VisualScripting.Core\Dependencies\DotNetZip\Unity.VisualScripting.IonicZip.dll
Native extension for WindowsStandalone target not found
Refreshing native plugins compatible for Editor in 1.04 ms, found 3 plugins.
Preloading 0 native plugins for Editor in 0.00 ms.
Mono: successfully reloaded assembly
- Completed reload, in  1.258 seconds
Domain Reload Profiling:
	ReloadAssembly (1258ms)
		BeginReloadAssembly (112ms)
			ExecutionOrderSort (0ms)
			DisableScriptedObjects (11ms)
			BackupInstance (0ms)
			ReleaseScriptingObjects (0ms)
			CreateAndSetChildDomain (37ms)
		EndReloadAssembly (1096ms)
			LoadAssemblies (75ms)
			RebuildTransferFunctionScriptingTraits (0ms)
			SetupTypeCache (379ms)
			ReleaseScriptCaches (3ms)
			RebuildScriptCaches (84ms)
			SetupLoadedEditorAssemblies (349ms)
				LogAssemblyErrors (0ms)
				InitializePlatformSupportModulesInManaged (4ms)
				SetLoadedEditorAssemblies (0ms)
				RefreshPlugins (1ms)
				BeforeProcessingInitializeOnLoad (74ms)
				ProcessInitializeOnLoadAttributes (254ms)
				ProcessInitializeOnLoadMethodAttributes (10ms)
				AfterProcessingInitializeOnLoad (5ms)
				EditorAssembliesLoaded (0ms)
			ExecutionOrderSort2 (0ms)
			AwakeInstancesAfterBackupRestoration (28ms)
Platform modules already initialized, skipping
Refreshing native plugins compatible for Editor in 1.10 ms, found 3 plugins.
Preloading 0 native plugins for Editor in 0.00 ms.
Unloading 6079 Unused Serialized files (Serialized files now loaded: 0)
System memory in use before: 437.1 MB.
System memory in use after: 436.5 MB.

Unloading 23 unused Assets to reduce memory usage. Loaded Objects now: 8292.
Total: 5.193400 ms (FindLiveObjects: 0.550800 ms CreateObjectMapping: 0.345900 ms MarkObjects: 3.943600 ms  DeleteObjects: 0.352000 ms)

AssetImportParameters requested are different than current active one (requested -> active):
  custom:framework-win-MediaFoundation: 216162199b28c13a410421893ffa2e32 -> 
  custom:video-decoder-ogg-theora: a1e56fd34408186e4bbccfd4996cb3dc -> 
  custom:container-muxer-webm: aa71ff27fc2769a1b78a27578f13a17b -> 
  custom:container-demuxer-webm: 4f35f7cbe854078d1ac9338744f61a02 -> 
  custom:container-demuxer-ogg: 62fdf1f143b41e24485cea50d1cbac27 -> 
  custom:video-encoder-webm-vp8: eb34c28f22e8b96e1ab97ce403110664 -> 
  custom:video-codec-MediaFoundation-h265: 746d11721c4dcdbdad8f713fa42b33f4 -> 
  custom:video-decoder-webm-vp8: 9c59270c3fd7afecdb556c50c9e8de78 -> 
  custom:audio-decoder-ogg-vorbis: bf7c407c2cedff20999df2af8eb42d56 -> 
  custom:audio-encoder-webm-vorbis: bf7c407c2cedff20999df2af8eb42d56 -> 
========================================================================
Received Import Request.
  Time since last request: 55.478838 seconds.
  path: Assets/Art/UI/Combat/CombatScreen.spriteatlas
  artifactKey: Guid(36a94a3e8b073d64484289ae256c2544) Importer(815301076,1909f56bfc062723c751e8b465ee728b)
Start importing Assets/Art/UI/Combat/CombatScreen.spriteatlas using Guid(36a94a3e8b073d64484289ae256c2544) Importer(815301076,1909f56bfc062723c751e8b465ee728b)  -> (artifact id: '45134cafb304893ff6f102e34283ce57') in 0.062437 seconds 
========================================================================
Received Prepare
Registering precompiled user dll's ...
Registered in 0.003504 seconds.
Begin MonoManager ReloadAssembly
Symbol file LoadedFromMemory doesn't match image D:\HKU\Jaar 4\Vrij3\Github\ProjectVrij2_V2\TTeamChimp_Deckbuilder_Game\Library\PackageCache\com.unity.visualscripting@1.6.1\Editor\VisualScripting.Core\Dependencies\YamlDotNet\Unity.VisualScripting.YamlDotNet.dll
Symbol file LoadedFromMemory doesn't match image D:\HKU\Jaar 4\Vrij3\Github\ProjectVrij2_V2\TTeamChimp_Deckbuilder_Game\Library\PackageCache\com.unity.visualscripting@1.6.1\Editor\VisualScripting.Core\Dependencies\DotNetZip\Unity.VisualScripting.IonicZip.dll
Native extension for WindowsStandalone target not found
Refreshing native plugins compatible for Editor in 1.04 ms, found 3 plugins.
Preloading 0 native plugins for Editor in 0.00 ms.
Mono: successfully reloaded assembly
- Completed reload, in  1.329 seconds
Domain Reload Profiling:
	ReloadAssembly (1329ms)
		BeginReloadAssembly (135ms)
			ExecutionOrderSort (0ms)
			DisableScriptedObjects (11ms)
			BackupInstance (0ms)
			ReleaseScriptingObjects (0ms)
			CreateAndSetChildDomain (46ms)
		EndReloadAssembly (1143ms)
			LoadAssemblies (89ms)
			RebuildTransferFunctionScriptingTraits (0ms)
			SetupTypeCache (400ms)
			ReleaseScriptCaches (3ms)
			RebuildScriptCaches (91ms)
			SetupLoadedEditorAssemblies (358ms)
				LogAssemblyErrors (0ms)
				InitializePlatformSupportModulesInManaged (4ms)
				SetLoadedEditorAssemblies (0ms)
				RefreshPlugins (1ms)
				BeforeProcessingInitializeOnLoad (75ms)
				ProcessInitializeOnLoadAttributes (261ms)
				ProcessInitializeOnLoadMethodAttributes (11ms)
				AfterProcessingInitializeOnLoad (5ms)
				EditorAssembliesLoaded (0ms)
			ExecutionOrderSort2 (0ms)
			AwakeInstancesAfterBackupRestoration (25ms)
Platform modules already initialized, skipping
Refreshing native plugins compatible for Editor in 1.07 ms, found 3 plugins.
Preloading 0 native plugins for Editor in 0.00 ms.
Unloading 6079 Unused Serialized files (Serialized files now loaded: 0)
System memory in use before: 437.1 MB.
System memory in use after: 436.6 MB.

Unloading 24 unused Assets to reduce memory usage. Loaded Objects now: 8296.
Total: 6.638500 ms (FindLiveObjects: 0.681300 ms CreateObjectMapping: 0.321300 ms MarkObjects: 5.353800 ms  DeleteObjects: 0.281100 ms)

AssetImportParameters requested are different than current active one (requested -> active):
  custom:framework-win-MediaFoundation: 216162199b28c13a410421893ffa2e32 -> 
  custom:video-decoder-ogg-theora: a1e56fd34408186e4bbccfd4996cb3dc -> 
  custom:container-muxer-webm: aa71ff27fc2769a1b78a27578f13a17b -> 
  custom:container-demuxer-webm: 4f35f7cbe854078d1ac9338744f61a02 -> 
  custom:container-demuxer-ogg: 62fdf1f143b41e24485cea50d1cbac27 -> 
  custom:video-encoder-webm-vp8: eb34c28f22e8b96e1ab97ce403110664 -> 
  custom:video-codec-MediaFoundation-h265: 746d11721c4dcdbdad8f713fa42b33f4 -> 
  custom:video-decoder-webm-vp8: 9c59270c3fd7afecdb556c50c9e8de78 -> 
  custom:audio-decoder-ogg-vorbis: bf7c407c2cedff20999df2af8eb42d56 -> 
  custom:audio-encoder-webm-vorbis: bf7c407c2cedff20999df2af8eb42d56 -> 
========================================================================
Received Import Request.
  Time since last request: 33.881644 seconds.
  path: Assets/Art/UI/Combat/CombatScreen.spriteatlas
  artifactKey: Guid(36a94a3e8b073d64484289ae256c2544) Importer(815301076,1909f56bfc062723c751e8b465ee728b)
Start importing Assets/Art/UI/Combat/CombatScreen.spriteatlas using Guid(36a94a3e8b073d64484289ae256c2544) Importer(815301076,1909f56bfc062723c751e8b465ee728b)  -> (artifact id: '0fcf0ae75be836c7b7e542662e6ed5d0') in 0.032249 seconds 
========================================================================
Received Prepare
Registering precompiled user dll's ...
Registered in 0.003785 seconds.
Begin MonoManager ReloadAssembly
Symbol file LoadedFromMemory doesn't match image D:\HKU\Jaar 4\Vrij3\Github\ProjectVrij2_V2\TTeamChimp_Deckbuilder_Game\Library\PackageCache\com.unity.visualscripting@1.6.1\Editor\VisualScripting.Core\Dependencies\YamlDotNet\Unity.VisualScripting.YamlDotNet.dll
Symbol file LoadedFromMemory doesn't match image D:\HKU\Jaar 4\Vrij3\Github\ProjectVrij2_V2\TTeamChimp_Deckbuilder_Game\Library\PackageCache\com.unity.visualscripting@1.6.1\Editor\VisualScripting.Core\Dependencies\DotNetZip\Unity.VisualScripting.IonicZip.dll
Native extension for WindowsStandalone target not found
Refreshing native plugins compatible for Editor in 1.08 ms, found 3 plugins.
Preloading 0 native plugins for Editor in 0.00 ms.
Mono: successfully reloaded assembly
- Completed reload, in  1.326 seconds
Domain Reload Profiling:
	ReloadAssembly (1326ms)
		BeginReloadAssembly (121ms)
			ExecutionOrderSort (0ms)
			DisableScriptedObjects (11ms)
			BackupInstance (0ms)
			ReleaseScriptingObjects (0ms)
			CreateAndSetChildDomain (42ms)
		EndReloadAssembly (1154ms)
			LoadAssemblies (86ms)
			RebuildTransferFunctionScriptingTraits (0ms)
			SetupTypeCache (411ms)
			ReleaseScriptCaches (2ms)
			RebuildScriptCaches (85ms)
			SetupLoadedEditorAssemblies (363ms)
				LogAssemblyErrors (0ms)
				InitializePlatformSupportModulesInManaged (4ms)
				SetLoadedEditorAssemblies (0ms)
				RefreshPlugins (1ms)
				BeforeProcessingInitializeOnLoad (81ms)
				ProcessInitializeOnLoadAttributes (261ms)
				ProcessInitializeOnLoadMethodAttributes (10ms)
				AfterProcessingInitializeOnLoad (5ms)
				EditorAssembliesLoaded (0ms)
			ExecutionOrderSort2 (0ms)
			AwakeInstancesAfterBackupRestoration (27ms)
Platform modules already initialized, skipping
Refreshing native plugins compatible for Editor in 1.47 ms, found 3 plugins.
Preloading 0 native plugins for Editor in 0.00 ms.
Unloading 6079 Unused Serialized files (Serialized files now loaded: 0)
System memory in use before: 437.2 MB.
System memory in use after: 436.6 MB.

Unloading 24 unused Assets to reduce memory usage. Loaded Objects now: 8298.
Total: 5.658700 ms (FindLiveObjects: 0.562600 ms CreateObjectMapping: 0.450300 ms MarkObjects: 4.309700 ms  DeleteObjects: 0.334600 ms)

AssetImportParameters requested are different than current active one (requested -> active):
  custom:framework-win-MediaFoundation: 216162199b28c13a410421893ffa2e32 -> 
  custom:video-decoder-ogg-theora: a1e56fd34408186e4bbccfd4996cb3dc -> 
  custom:container-muxer-webm: aa71ff27fc2769a1b78a27578f13a17b -> 
  custom:container-demuxer-webm: 4f35f7cbe854078d1ac9338744f61a02 -> 
  custom:container-demuxer-ogg: 62fdf1f143b41e24485cea50d1cbac27 -> 
  custom:video-encoder-webm-vp8: eb34c28f22e8b96e1ab97ce403110664 -> 
  custom:video-codec-MediaFoundation-h265: 746d11721c4dcdbdad8f713fa42b33f4 -> 
  custom:video-decoder-webm-vp8: 9c59270c3fd7afecdb556c50c9e8de78 -> 
  custom:audio-decoder-ogg-vorbis: bf7c407c2cedff20999df2af8eb42d56 -> 
  custom:audio-encoder-webm-vorbis: bf7c407c2cedff20999df2af8eb42d56 -> 
========================================================================
Received Prepare
Registering precompiled user dll's ...
Registered in 0.003584 seconds.
Begin MonoManager ReloadAssembly
Symbol file LoadedFromMemory doesn't match image D:\HKU\Jaar 4\Vrij3\Github\ProjectVrij2_V2\TTeamChimp_Deckbuilder_Game\Library\PackageCache\com.unity.visualscripting@1.6.1\Editor\VisualScripting.Core\Dependencies\YamlDotNet\Unity.VisualScripting.YamlDotNet.dll
Symbol file LoadedFromMemory doesn't match image D:\HKU\Jaar 4\Vrij3\Github\ProjectVrij2_V2\TTeamChimp_Deckbuilder_Game\Library\PackageCache\com.unity.visualscripting@1.6.1\Editor\VisualScripting.Core\Dependencies\DotNetZip\Unity.VisualScripting.IonicZip.dll
Native extension for WindowsStandalone target not found
Refreshing native plugins compatible for Editor in 1.03 ms, found 3 plugins.
Preloading 0 native plugins for Editor in 0.00 ms.
Mono: successfully reloaded assembly
- Completed reload, in  1.321 seconds
Domain Reload Profiling:
	ReloadAssembly (1321ms)
		BeginReloadAssembly (128ms)
			ExecutionOrderSort (0ms)
			DisableScriptedObjects (12ms)
			BackupInstance (0ms)
			ReleaseScriptingObjects (0ms)
			CreateAndSetChildDomain (41ms)
		EndReloadAssembly (1142ms)
			LoadAssemblies (79ms)
			RebuildTransferFunctionScriptingTraits (0ms)
			SetupTypeCache (394ms)
			ReleaseScriptCaches (3ms)
			RebuildScriptCaches (89ms)
			SetupLoadedEditorAssemblies (362ms)
				LogAssemblyErrors (0ms)
				InitializePlatformSupportModulesInManaged (4ms)
				SetLoadedEditorAssemblies (0ms)
				RefreshPlugins (1ms)
				BeforeProcessingInitializeOnLoad (82ms)
				ProcessInitializeOnLoadAttributes (257ms)
				ProcessInitializeOnLoadMethodAttributes (13ms)
				AfterProcessingInitializeOnLoad (5ms)
				EditorAssembliesLoaded (0ms)
			ExecutionOrderSort2 (0ms)
			AwakeInstancesAfterBackupRestoration (27ms)
Platform modules already initialized, skipping
Refreshing native plugins compatible for Editor in 1.15 ms, found 3 plugins.
Preloading 0 native plugins for Editor in 0.00 ms.
Unloading 6079 Unused Serialized files (Serialized files now loaded: 0)
System memory in use before: 437.2 MB.
System memory in use after: 436.6 MB.

Unloading 23 unused Assets to reduce memory usage. Loaded Objects now: 8300.
Total: 5.589300 ms (FindLiveObjects: 0.517600 ms CreateObjectMapping: 0.427600 ms MarkObjects: 4.358200 ms  DeleteObjects: 0.285100 ms)

AssetImportParameters requested are different than current active one (requested -> active):
  custom:framework-win-MediaFoundation: 216162199b28c13a410421893ffa2e32 -> 
  custom:video-decoder-ogg-theora: a1e56fd34408186e4bbccfd4996cb3dc -> 
  custom:container-muxer-webm: aa71ff27fc2769a1b78a27578f13a17b -> 
  custom:container-demuxer-webm: 4f35f7cbe854078d1ac9338744f61a02 -> 
  custom:container-demuxer-ogg: 62fdf1f143b41e24485cea50d1cbac27 -> 
  custom:video-encoder-webm-vp8: eb34c28f22e8b96e1ab97ce403110664 -> 
  custom:video-codec-MediaFoundation-h265: 746d11721c4dcdbdad8f713fa42b33f4 -> 
  custom:video-decoder-webm-vp8: 9c59270c3fd7afecdb556c50c9e8de78 -> 
  custom:audio-decoder-ogg-vorbis: bf7c407c2cedff20999df2af8eb42d56 -> 
  custom:audio-encoder-webm-vorbis: bf7c407c2cedff20999df2af8eb42d56 -> 
========================================================================
Received Prepare
Registering precompiled user dll's ...
Registered in 0.004562 seconds.
Begin MonoManager ReloadAssembly
Symbol file LoadedFromMemory doesn't match image D:\HKU\Jaar 4\Vrij3\Github\ProjectVrij2_V2\TTeamChimp_Deckbuilder_Game\Library\PackageCache\com.unity.visualscripting@1.6.1\Editor\VisualScripting.Core\Dependencies\YamlDotNet\Unity.VisualScripting.YamlDotNet.dll
Symbol file LoadedFromMemory doesn't match image D:\HKU\Jaar 4\Vrij3\Github\ProjectVrij2_V2\TTeamChimp_Deckbuilder_Game\Library\PackageCache\com.unity.visualscripting@1.6.1\Editor\VisualScripting.Core\Dependencies\DotNetZip\Unity.VisualScripting.IonicZip.dll
Native extension for WindowsStandalone target not found
Refreshing native plugins compatible for Editor in 1.51 ms, found 3 plugins.
Preloading 0 native plugins for Editor in 0.00 ms.
Mono: successfully reloaded assembly
- Completed reload, in  1.375 seconds
Domain Reload Profiling:
	ReloadAssembly (1376ms)
		BeginReloadAssembly (122ms)
			ExecutionOrderSort (0ms)
			DisableScriptedObjects (12ms)
			BackupInstance (0ms)
			ReleaseScriptingObjects (0ms)
			CreateAndSetChildDomain (36ms)
		EndReloadAssembly (1201ms)
			LoadAssemblies (85ms)
			RebuildTransferFunctionScriptingTraits (0ms)
			SetupTypeCache (407ms)
			ReleaseScriptCaches (2ms)
			RebuildScriptCaches (89ms)
			SetupLoadedEditorAssemblies (381ms)
				LogAssemblyErrors (0ms)
				InitializePlatformSupportModulesInManaged (4ms)
				SetLoadedEditorAssemblies (1ms)
				RefreshPlugins (2ms)
				BeforeProcessingInitializeOnLoad (80ms)
				ProcessInitializeOnLoadAttributes (279ms)
				ProcessInitializeOnLoadMethodAttributes (10ms)
				AfterProcessingInitializeOnLoad (5ms)
				EditorAssembliesLoaded (0ms)
			ExecutionOrderSort2 (0ms)
			AwakeInstancesAfterBackupRestoration (28ms)
Platform modules already initialized, skipping
Refreshing native plugins compatible for Editor in 1.29 ms, found 3 plugins.
Preloading 0 native plugins for Editor in 0.00 ms.
Unloading 6079 Unused Serialized files (Serialized files now loaded: 0)
System memory in use before: 437.2 MB.
System memory in use after: 436.6 MB.

Unloading 23 unused Assets to reduce memory usage. Loaded Objects now: 8302.
Total: 5.826000 ms (FindLiveObjects: 0.584800 ms CreateObjectMapping: 0.693100 ms MarkObjects: 4.256500 ms  DeleteObjects: 0.290500 ms)

AssetImportParameters requested are different than current active one (requested -> active):
  custom:framework-win-MediaFoundation: 216162199b28c13a410421893ffa2e32 -> 
  custom:video-decoder-ogg-theora: a1e56fd34408186e4bbccfd4996cb3dc -> 
  custom:container-muxer-webm: aa71ff27fc2769a1b78a27578f13a17b -> 
  custom:container-demuxer-webm: 4f35f7cbe854078d1ac9338744f61a02 -> 
  custom:container-demuxer-ogg: 62fdf1f143b41e24485cea50d1cbac27 -> 
  custom:video-encoder-webm-vp8: eb34c28f22e8b96e1ab97ce403110664 -> 
  custom:video-codec-MediaFoundation-h265: 746d11721c4dcdbdad8f713fa42b33f4 -> 
  custom:video-decoder-webm-vp8: 9c59270c3fd7afecdb556c50c9e8de78 -> 
  custom:audio-decoder-ogg-vorbis: bf7c407c2cedff20999df2af8eb42d56 -> 
  custom:audio-encoder-webm-vorbis: bf7c407c2cedff20999df2af8eb42d56 -> 
========================================================================
Received Prepare
Registering precompiled user dll's ...
Registered in 0.003617 seconds.
Begin MonoManager ReloadAssembly
Symbol file LoadedFromMemory doesn't match image D:\HKU\Jaar 4\Vrij3\Github\ProjectVrij2_V2\TTeamChimp_Deckbuilder_Game\Library\PackageCache\com.unity.visualscripting@1.6.1\Editor\VisualScripting.Core\Dependencies\YamlDotNet\Unity.VisualScripting.YamlDotNet.dll
Symbol file LoadedFromMemory doesn't match image D:\HKU\Jaar 4\Vrij3\Github\ProjectVrij2_V2\TTeamChimp_Deckbuilder_Game\Library\PackageCache\com.unity.visualscripting@1.6.1\Editor\VisualScripting.Core\Dependencies\DotNetZip\Unity.VisualScripting.IonicZip.dll
Native extension for WindowsStandalone target not found
Refreshing native plugins compatible for Editor in 1.07 ms, found 3 plugins.
Preloading 0 native plugins for Editor in 0.00 ms.
Mono: successfully reloaded assembly
- Completed reload, in  1.318 seconds
Domain Reload Profiling:
	ReloadAssembly (1319ms)
		BeginReloadAssembly (115ms)
			ExecutionOrderSort (0ms)
			DisableScriptedObjects (12ms)
			BackupInstance (0ms)
			ReleaseScriptingObjects (0ms)
			CreateAndSetChildDomain (36ms)
		EndReloadAssembly (1147ms)
			LoadAssemblies (81ms)
			RebuildTransferFunctionScriptingTraits (0ms)
			SetupTypeCache (399ms)
			ReleaseScriptCaches (3ms)
			RebuildScriptCaches (85ms)
			SetupLoadedEditorAssemblies (356ms)
				LogAssemblyErrors (0ms)
				InitializePlatformSupportModulesInManaged (4ms)
				SetLoadedEditorAssemblies (0ms)
				RefreshPlugins (1ms)
				BeforeProcessingInitializeOnLoad (76ms)
				ProcessInitializeOnLoadAttributes (259ms)
				ProcessInitializeOnLoadMethodAttributes (11ms)
				AfterProcessingInitializeOnLoad (5ms)
				EditorAssembliesLoaded (0ms)
			ExecutionOrderSort2 (0ms)
			AwakeInstancesAfterBackupRestoration (27ms)
Platform modules already initialized, skipping
Refreshing native plugins compatible for Editor in 1.23 ms, found 3 plugins.
Preloading 0 native plugins for Editor in 0.00 ms.
Unloading 6079 Unused Serialized files (Serialized files now loaded: 0)
System memory in use before: 437.2 MB.
System memory in use after: 436.6 MB.

Unloading 23 unused Assets to reduce memory usage. Loaded Objects now: 8304.
Total: 5.108100 ms (FindLiveObjects: 0.626800 ms CreateObjectMapping: 0.397100 ms MarkObjects: 3.764400 ms  DeleteObjects: 0.318700 ms)

AssetImportParameters requested are different than current active one (requested -> active):
  custom:framework-win-MediaFoundation: 216162199b28c13a410421893ffa2e32 -> 
  custom:video-decoder-ogg-theora: a1e56fd34408186e4bbccfd4996cb3dc -> 
  custom:container-muxer-webm: aa71ff27fc2769a1b78a27578f13a17b -> 
  custom:container-demuxer-webm: 4f35f7cbe854078d1ac9338744f61a02 -> 
  custom:container-demuxer-ogg: 62fdf1f143b41e24485cea50d1cbac27 -> 
  custom:video-encoder-webm-vp8: eb34c28f22e8b96e1ab97ce403110664 -> 
  custom:video-codec-MediaFoundation-h265: 746d11721c4dcdbdad8f713fa42b33f4 -> 
  custom:video-decoder-webm-vp8: 9c59270c3fd7afecdb556c50c9e8de78 -> 
  custom:audio-decoder-ogg-vorbis: bf7c407c2cedff20999df2af8eb42d56 -> 
  custom:audio-encoder-webm-vorbis: bf7c407c2cedff20999df2af8eb42d56 -> 
========================================================================
Received Prepare
Registering precompiled user dll's ...
Registered in 0.004864 seconds.
Begin MonoManager ReloadAssembly
Symbol file LoadedFromMemory doesn't match image D:\HKU\Jaar 4\Vrij3\Github\ProjectVrij2_V2\TTeamChimp_Deckbuilder_Game\Library\PackageCache\com.unity.visualscripting@1.6.1\Editor\VisualScripting.Core\Dependencies\YamlDotNet\Unity.VisualScripting.YamlDotNet.dll
Symbol file LoadedFromMemory doesn't match image D:\HKU\Jaar 4\Vrij3\Github\ProjectVrij2_V2\TTeamChimp_Deckbuilder_Game\Library\PackageCache\com.unity.visualscripting@1.6.1\Editor\VisualScripting.Core\Dependencies\DotNetZip\Unity.VisualScripting.IonicZip.dll
Native extension for WindowsStandalone target not found
Refreshing native plugins compatible for Editor in 1.18 ms, found 3 plugins.
Preloading 0 native plugins for Editor in 0.00 ms.
Mono: successfully reloaded assembly
- Completed reload, in  1.354 seconds
Domain Reload Profiling:
	ReloadAssembly (1354ms)
		BeginReloadAssembly (126ms)
			ExecutionOrderSort (0ms)
			DisableScriptedObjects (11ms)
			BackupInstance (0ms)
			ReleaseScriptingObjects (0ms)
			CreateAndSetChildDomain (36ms)
		EndReloadAssembly (1175ms)
			LoadAssemblies (85ms)
			RebuildTransferFunctionScriptingTraits (0ms)
			SetupTypeCache (402ms)
			ReleaseScriptCaches (2ms)
			RebuildScriptCaches (87ms)
			SetupLoadedEditorAssemblies (396ms)
				LogAssemblyErrors (0ms)
				InitializePlatformSupportModulesInManaged (4ms)
				SetLoadedEditorAssemblies (0ms)
				RefreshPlugins (1ms)
				BeforeProcessingInitializeOnLoad (88ms)
				ProcessInitializeOnLoadAttributes (283ms)
				ProcessInitializeOnLoadMethodAttributes (11ms)
				AfterProcessingInitializeOnLoad (7ms)
				EditorAssembliesLoaded (0ms)
			ExecutionOrderSort2 (0ms)
			AwakeInstancesAfterBackupRestoration (27ms)
Platform modules already initialized, skipping
Refreshing native plugins compatible for Editor in 1.24 ms, found 3 plugins.
Preloading 0 native plugins for Editor in 0.00 ms.
Unloading 6079 Unused Serialized files (Serialized files now loaded: 0)
System memory in use before: 437.2 MB.
System memory in use after: 436.7 MB.

Unloading 23 unused Assets to reduce memory usage. Loaded Objects now: 8306.
Total: 6.640000 ms (FindLiveObjects: 0.741100 ms CreateObjectMapping: 0.755700 ms MarkObjects: 4.735800 ms  DeleteObjects: 0.406000 ms)

AssetImportParameters requested are different than current active one (requested -> active):
  custom:framework-win-MediaFoundation: 216162199b28c13a410421893ffa2e32 -> 
  custom:video-decoder-ogg-theora: a1e56fd34408186e4bbccfd4996cb3dc -> 
  custom:container-muxer-webm: aa71ff27fc2769a1b78a27578f13a17b -> 
  custom:container-demuxer-webm: 4f35f7cbe854078d1ac9338744f61a02 -> 
  custom:container-demuxer-ogg: 62fdf1f143b41e24485cea50d1cbac27 -> 
  custom:video-encoder-webm-vp8: eb34c28f22e8b96e1ab97ce403110664 -> 
  custom:video-codec-MediaFoundation-h265: 746d11721c4dcdbdad8f713fa42b33f4 -> 
  custom:video-decoder-webm-vp8: 9c59270c3fd7afecdb556c50c9e8de78 -> 
  custom:audio-decoder-ogg-vorbis: bf7c407c2cedff20999df2af8eb42d56 -> 
  custom:audio-encoder-webm-vorbis: bf7c407c2cedff20999df2af8eb42d56 -> 
AssetImportWorkerClient::OnTransportError - code=2 error=End of file
